{"/home/redmi/backend-project-4/src/pageLoader.js": {"path":"/home/redmi/backend-project-4/src/pageLoader.js","all":false,"statementMap":{"0":{"start":{"line":1,"column":0},"end":{"line":1,"column":0}},"1":{"start":{"line":2,"column":0},"end":{"line":2,"column":30}},"2":{"start":{"line":3,"column":0},"end":{"line":3,"column":49}},"3":{"start":{"line":4,"column":0},"end":{"line":4,"column":59}},"4":{"start":{"line":5,"column":0},"end":{"line":5,"column":54}},"5":{"start":{"line":6,"column":0},"end":{"line":6,"column":47}},"6":{"start":{"line":7,"column":0},"end":{"line":7,"column":47}},"7":{"start":{"line":8,"column":0},"end":{"line":8,"column":43}},"8":{"start":{"line":9,"column":0},"end":{"line":9,"column":29}},"9":{"start":{"line":10,"column":0},"end":{"line":10,"column":0}},"10":{"start":{"line":11,"column":0},"end":{"line":11,"column":12}},"11":{"start":{"line":12,"column":0},"end":{"line":12,"column":29}},"12":{"start":{"line":13,"column":0},"end":{"line":13,"column":0}},"13":{"start":{"line":14,"column":0},"end":{"line":14,"column":51}},"14":{"start":{"line":15,"column":0},"end":{"line":15,"column":33}},"15":{"start":{"line":16,"column":0},"end":{"line":16,"column":30}},"16":{"start":{"line":17,"column":0},"end":{"line":17,"column":75}},"17":{"start":{"line":18,"column":0},"end":{"line":18,"column":3}},"18":{"start":{"line":19,"column":0},"end":{"line":19,"column":15}},"19":{"start":{"line":20,"column":0},"end":{"line":20,"column":75}},"20":{"start":{"line":21,"column":0},"end":{"line":21,"column":0}},"21":{"start":{"line":22,"column":0},"end":{"line":22,"column":39}},"22":{"start":{"line":23,"column":0},"end":{"line":23,"column":149}},"23":{"start":{"line":24,"column":0},"end":{"line":24,"column":27}},"24":{"start":{"line":25,"column":0},"end":{"line":25,"column":39}},"25":{"start":{"line":26,"column":0},"end":{"line":26,"column":3}},"26":{"start":{"line":27,"column":0},"end":{"line":27,"column":28}},"27":{"start":{"line":28,"column":0},"end":{"line":28,"column":17}},"28":{"start":{"line":29,"column":0},"end":{"line":29,"column":3}},"29":{"start":{"line":30,"column":0},"end":{"line":30,"column":14}},"30":{"start":{"line":31,"column":0},"end":{"line":31,"column":2}},"31":{"start":{"line":32,"column":0},"end":{"line":32,"column":0}},"32":{"start":{"line":33,"column":0},"end":{"line":33,"column":37}},"33":{"start":{"line":34,"column":0},"end":{"line":34,"column":71}},"34":{"start":{"line":35,"column":0},"end":{"line":35,"column":54}},"35":{"start":{"line":36,"column":0},"end":{"line":36,"column":29}},"36":{"start":{"line":37,"column":0},"end":{"line":37,"column":56}},"37":{"start":{"line":38,"column":0},"end":{"line":38,"column":0}},"38":{"start":{"line":39,"column":0},"end":{"line":39,"column":19}},"39":{"start":{"line":40,"column":0},"end":{"line":40,"column":25}},"40":{"start":{"line":41,"column":0},"end":{"line":41,"column":0}},"41":{"start":{"line":42,"column":0},"end":{"line":42,"column":35}},"42":{"start":{"line":43,"column":0},"end":{"line":43,"column":30}},"43":{"start":{"line":44,"column":0},"end":{"line":44,"column":4}},"44":{"start":{"line":45,"column":0},"end":{"line":45,"column":0}},"45":{"start":{"line":46,"column":0},"end":{"line":46,"column":21}},"46":{"start":{"line":47,"column":0},"end":{"line":47,"column":43}},"47":{"start":{"line":48,"column":0},"end":{"line":48,"column":6}},"48":{"start":{"line":49,"column":0},"end":{"line":49,"column":17}},"49":{"start":{"line":50,"column":0},"end":{"line":50,"column":45}},"50":{"start":{"line":51,"column":0},"end":{"line":51,"column":6}},"51":{"start":{"line":52,"column":0},"end":{"line":52,"column":0}},"52":{"start":{"line":53,"column":0},"end":{"line":53,"column":21}},"53":{"start":{"line":54,"column":0},"end":{"line":54,"column":17}},"54":{"start":{"line":55,"column":0},"end":{"line":55,"column":45}},"55":{"start":{"line":56,"column":0},"end":{"line":56,"column":46}},"56":{"start":{"line":57,"column":0},"end":{"line":57,"column":11}},"57":{"start":{"line":58,"column":0},"end":{"line":58,"column":41}},"58":{"start":{"line":59,"column":0},"end":{"line":59,"column":48}},"59":{"start":{"line":60,"column":0},"end":{"line":60,"column":11}},"60":{"start":{"line":61,"column":0},"end":{"line":61,"column":42}},"61":{"start":{"line":62,"column":0},"end":{"line":62,"column":49}},"62":{"start":{"line":63,"column":0},"end":{"line":63,"column":11}},"63":{"start":{"line":64,"column":0},"end":{"line":64,"column":8}},"64":{"start":{"line":65,"column":0},"end":{"line":65,"column":33}},"65":{"start":{"line":66,"column":0},"end":{"line":66,"column":38}},"66":{"start":{"line":67,"column":0},"end":{"line":67,"column":32}},"67":{"start":{"line":68,"column":0},"end":{"line":68,"column":39}},"68":{"start":{"line":69,"column":0},"end":{"line":69,"column":58}},"69":{"start":{"line":70,"column":0},"end":{"line":70,"column":11}},"70":{"start":{"line":71,"column":0},"end":{"line":71,"column":42}},"71":{"start":{"line":72,"column":0},"end":{"line":72,"column":10}},"72":{"start":{"line":73,"column":0},"end":{"line":73,"column":43}},"73":{"start":{"line":74,"column":0},"end":{"line":74,"column":80}},"74":{"start":{"line":75,"column":0},"end":{"line":75,"column":34}},"75":{"start":{"line":76,"column":0},"end":{"line":76,"column":53}},"76":{"start":{"line":77,"column":0},"end":{"line":77,"column":32}},"77":{"start":{"line":78,"column":0},"end":{"line":78,"column":17}},"78":{"start":{"line":79,"column":0},"end":{"line":79,"column":30}},"79":{"start":{"line":80,"column":0},"end":{"line":80,"column":35}},"80":{"start":{"line":81,"column":0},"end":{"line":81,"column":13}},"81":{"start":{"line":82,"column":0},"end":{"line":82,"column":16}},"82":{"start":{"line":83,"column":0},"end":{"line":83,"column":33}},"83":{"start":{"line":84,"column":0},"end":{"line":84,"column":32}},"84":{"start":{"line":85,"column":0},"end":{"line":85,"column":17}},"85":{"start":{"line":86,"column":0},"end":{"line":86,"column":29}},"86":{"start":{"line":87,"column":0},"end":{"line":87,"column":35}},"87":{"start":{"line":88,"column":0},"end":{"line":88,"column":13}},"88":{"start":{"line":89,"column":0},"end":{"line":89,"column":9}},"89":{"start":{"line":90,"column":0},"end":{"line":90,"column":9}},"90":{"start":{"line":91,"column":0},"end":{"line":91,"column":53}},"91":{"start":{"line":92,"column":0},"end":{"line":92,"column":44}},"92":{"start":{"line":93,"column":0},"end":{"line":93,"column":25}},"93":{"start":{"line":94,"column":0},"end":{"line":94,"column":62}},"94":{"start":{"line":95,"column":0},"end":{"line":95,"column":9}},"95":{"start":{"line":96,"column":0},"end":{"line":96,"column":22}},"96":{"start":{"line":97,"column":0},"end":{"line":97,"column":9}},"97":{"start":{"line":98,"column":0},"end":{"line":98,"column":0}},"98":{"start":{"line":99,"column":0},"end":{"line":99,"column":16}},"99":{"start":{"line":100,"column":0},"end":{"line":100,"column":71}},"100":{"start":{"line":101,"column":0},"end":{"line":101,"column":50}},"101":{"start":{"line":102,"column":0},"end":{"line":102,"column":6}},"102":{"start":{"line":103,"column":0},"end":{"line":103,"column":21}},"103":{"start":{"line":104,"column":0},"end":{"line":104,"column":41}},"104":{"start":{"line":105,"column":0},"end":{"line":105,"column":37}},"105":{"start":{"line":106,"column":0},"end":{"line":106,"column":11}},"106":{"start":{"line":107,"column":0},"end":{"line":107,"column":60}},"107":{"start":{"line":108,"column":0},"end":{"line":108,"column":11}},"108":{"start":{"line":109,"column":0},"end":{"line":109,"column":10}},"109":{"start":{"line":110,"column":0},"end":{"line":110,"column":38}},"110":{"start":{"line":111,"column":0},"end":{"line":111,"column":61}},"111":{"start":{"line":112,"column":0},"end":{"line":112,"column":42}},"112":{"start":{"line":113,"column":0},"end":{"line":113,"column":41}},"113":{"start":{"line":114,"column":0},"end":{"line":114,"column":62}},"114":{"start":{"line":115,"column":0},"end":{"line":115,"column":22}},"115":{"start":{"line":116,"column":0},"end":{"line":116,"column":14}},"116":{"start":{"line":117,"column":0},"end":{"line":117,"column":11}},"117":{"start":{"line":118,"column":0},"end":{"line":118,"column":22}},"118":{"start":{"line":119,"column":0},"end":{"line":119,"column":11}},"119":{"start":{"line":120,"column":0},"end":{"line":120,"column":46}},"120":{"start":{"line":121,"column":0},"end":{"line":121,"column":6}},"121":{"start":{"line":122,"column":0},"end":{"line":122,"column":17}},"122":{"start":{"line":123,"column":0},"end":{"line":123,"column":45}},"123":{"start":{"line":124,"column":0},"end":{"line":124,"column":6}},"124":{"start":{"line":125,"column":0},"end":{"line":125,"column":21}},"125":{"start":{"line":126,"column":0},"end":{"line":126,"column":73}},"126":{"start":{"line":127,"column":0},"end":{"line":127,"column":46}},"127":{"start":{"line":128,"column":0},"end":{"line":128,"column":7}},"128":{"start":{"line":129,"column":0},"end":{"line":129,"column":2}},"129":{"start":{"line":130,"column":0},"end":{"line":130,"column":0}},"130":{"start":{"line":131,"column":0},"end":{"line":131,"column":26}}},"s":{"0":1,"1":1,"2":1,"3":1,"4":1,"5":1,"6":1,"7":1,"8":1,"9":1,"10":1,"11":1,"12":1,"13":1,"14":4,"15":4,"16":3,"17":3,"18":1,"19":1,"20":1,"21":1,"22":7,"23":7,"24":3,"25":3,"26":7,"27":1,"28":1,"29":3,"30":3,"31":1,"32":1,"33":3,"34":3,"35":3,"36":3,"37":3,"38":3,"39":3,"40":3,"41":3,"42":3,"43":3,"44":3,"45":3,"46":3,"47":3,"48":3,"49":3,"50":3,"51":3,"52":3,"53":3,"54":3,"55":2,"56":3,"57":3,"58":3,"59":3,"60":3,"61":2,"62":3,"63":3,"64":3,"65":7,"66":7,"67":4,"68":3,"69":3,"70":1,"71":7,"72":7,"73":3,"74":3,"75":7,"76":0,"77":0,"78":0,"79":0,"80":0,"81":4,"82":4,"83":4,"84":4,"85":4,"86":4,"87":4,"88":4,"89":3,"90":3,"91":7,"92":7,"93":4,"94":4,"95":3,"96":3,"97":3,"98":3,"99":3,"100":3,"101":3,"102":3,"103":3,"104":3,"105":7,"106":7,"107":7,"108":3,"109":3,"110":7,"111":7,"112":4,"113":4,"114":4,"115":4,"116":4,"117":3,"118":3,"119":3,"120":3,"121":3,"122":3,"123":3,"124":3,"125":3,"126":3,"127":3,"128":3,"129":1,"130":1},"branchMap":{"0":{"type":"branch","line":14,"loc":{"start":{"line":14,"column":21},"end":{"line":20,"column":2}},"locations":[{"start":{"line":14,"column":21},"end":{"line":20,"column":2}}]},"1":{"type":"branch","line":16,"loc":{"start":{"line":16,"column":29},"end":{"line":18,"column":3}},"locations":[{"start":{"line":16,"column":29},"end":{"line":18,"column":3}}]},"2":{"type":"branch","line":18,"loc":{"start":{"line":18,"column":2},"end":{"line":20,"column":2}},"locations":[{"start":{"line":18,"column":2},"end":{"line":20,"column":2}}]},"3":{"type":"branch","line":22,"loc":{"start":{"line":22,"column":22},"end":{"line":31,"column":2}},"locations":[{"start":{"line":22,"column":22},"end":{"line":31,"column":2}}]},"4":{"type":"branch","line":24,"loc":{"start":{"line":24,"column":26},"end":{"line":26,"column":3}},"locations":[{"start":{"line":24,"column":26},"end":{"line":26,"column":3}}]},"5":{"type":"branch","line":26,"loc":{"start":{"line":26,"column":2},"end":{"line":27,"column":27}},"locations":[{"start":{"line":26,"column":2},"end":{"line":27,"column":27}}]},"6":{"type":"branch","line":27,"loc":{"start":{"line":27,"column":27},"end":{"line":29,"column":3}},"locations":[{"start":{"line":27,"column":27},"end":{"line":29,"column":3}}]},"7":{"type":"branch","line":29,"loc":{"start":{"line":29,"column":2},"end":{"line":31,"column":2}},"locations":[{"start":{"line":29,"column":2},"end":{"line":31,"column":2}}]},"8":{"type":"branch","line":33,"loc":{"start":{"line":33,"column":19},"end":{"line":129,"column":2}},"locations":[{"start":{"line":33,"column":19},"end":{"line":129,"column":2}}]},"9":{"type":"branch","line":42,"loc":{"start":{"line":42,"column":22},"end":{"line":44,"column":3}},"locations":[{"start":{"line":42,"column":22},"end":{"line":44,"column":3}}]},"10":{"type":"branch","line":46,"loc":{"start":{"line":46,"column":11},"end":{"line":48,"column":5}},"locations":[{"start":{"line":46,"column":11},"end":{"line":48,"column":5}}]},"11":{"type":"branch","line":49,"loc":{"start":{"line":49,"column":10},"end":{"line":51,"column":5}},"locations":[{"start":{"line":49,"column":10},"end":{"line":51,"column":5}}]},"12":{"type":"branch","line":53,"loc":{"start":{"line":53,"column":11},"end":{"line":102,"column":5}},"locations":[{"start":{"line":53,"column":11},"end":{"line":102,"column":5}}]},"13":{"type":"branch","line":55,"loc":{"start":{"line":55,"column":36},"end":{"line":57,"column":9}},"locations":[{"start":{"line":55,"column":36},"end":{"line":57,"column":9}}]},"14":{"type":"branch","line":58,"loc":{"start":{"line":58,"column":31},"end":{"line":60,"column":9}},"locations":[{"start":{"line":58,"column":31},"end":{"line":60,"column":9}}]},"15":{"type":"branch","line":61,"loc":{"start":{"line":61,"column":33},"end":{"line":63,"column":9}},"locations":[{"start":{"line":61,"column":33},"end":{"line":63,"column":9}}]},"16":{"type":"branch","line":65,"loc":{"start":{"line":65,"column":23},"end":{"line":90,"column":7}},"locations":[{"start":{"line":65,"column":23},"end":{"line":90,"column":7}}]},"17":{"type":"branch","line":73,"loc":{"start":{"line":73,"column":42},"end":{"line":76,"column":9}},"locations":[{"start":{"line":73,"column":42},"end":{"line":76,"column":9}}]},"18":{"type":"branch","line":76,"loc":{"start":{"line":76,"column":9},"end":{"line":89,"column":9}},"locations":[{"start":{"line":76,"column":9},"end":{"line":89,"column":9}}]},"19":{"type":"branch","line":76,"loc":{"start":{"line":76,"column":52},"end":{"line":82,"column":9}},"locations":[{"start":{"line":76,"column":52},"end":{"line":82,"column":9}}]},"20":{"type":"branch","line":67,"loc":{"start":{"line":67,"column":25},"end":{"line":72,"column":9}},"locations":[{"start":{"line":67,"column":25},"end":{"line":72,"column":9}}]},"21":{"type":"branch","line":68,"loc":{"start":{"line":68,"column":38},"end":{"line":70,"column":11}},"locations":[{"start":{"line":68,"column":38},"end":{"line":70,"column":11}}]},"22":{"type":"branch","line":70,"loc":{"start":{"line":70,"column":10},"end":{"line":72,"column":9}},"locations":[{"start":{"line":70,"column":10},"end":{"line":72,"column":9}}]},"23":{"type":"branch","line":91,"loc":{"start":{"line":91,"column":43},"end":{"line":97,"column":7}},"locations":[{"start":{"line":91,"column":43},"end":{"line":97,"column":7}}]},"24":{"type":"branch","line":93,"loc":{"start":{"line":93,"column":24},"end":{"line":95,"column":9}},"locations":[{"start":{"line":93,"column":24},"end":{"line":95,"column":9}}]},"25":{"type":"branch","line":95,"loc":{"start":{"line":95,"column":8},"end":{"line":97,"column":7}},"locations":[{"start":{"line":95,"column":8},"end":{"line":97,"column":7}}]},"26":{"type":"branch","line":101,"loc":{"start":{"line":101,"column":14},"end":{"line":101,"column":48}},"locations":[{"start":{"line":101,"column":14},"end":{"line":101,"column":48}}]},"27":{"type":"branch","line":103,"loc":{"start":{"line":103,"column":11},"end":{"line":121,"column":5}},"locations":[{"start":{"line":103,"column":11},"end":{"line":121,"column":5}}]},"28":{"type":"branch","line":105,"loc":{"start":{"line":105,"column":13},"end":{"line":109,"column":9}},"locations":[{"start":{"line":105,"column":13},"end":{"line":109,"column":9}}]},"29":{"type":"branch","line":110,"loc":{"start":{"line":110,"column":13},"end":{"line":119,"column":9}},"locations":[{"start":{"line":110,"column":13},"end":{"line":119,"column":9}}]},"30":{"type":"branch","line":112,"loc":{"start":{"line":112,"column":41},"end":{"line":117,"column":11}},"locations":[{"start":{"line":112,"column":41},"end":{"line":117,"column":11}}]},"31":{"type":"branch","line":117,"loc":{"start":{"line":117,"column":10},"end":{"line":119,"column":9}},"locations":[{"start":{"line":117,"column":10},"end":{"line":119,"column":9}}]},"32":{"type":"branch","line":122,"loc":{"start":{"line":122,"column":10},"end":{"line":124,"column":5}},"locations":[{"start":{"line":122,"column":10},"end":{"line":124,"column":5}}]},"33":{"type":"branch","line":125,"loc":{"start":{"line":125,"column":11},"end":{"line":128,"column":5}},"locations":[{"start":{"line":125,"column":11},"end":{"line":128,"column":5}}]}},"b":{"0":[4],"1":[3],"2":[1],"3":[7],"4":[3],"5":[4],"6":[1],"7":[3],"8":[3],"9":[3],"10":[3],"11":[3],"12":[3],"13":[2],"14":[3],"15":[2],"16":[7],"17":[3],"18":[4],"19":[0],"20":[4],"21":[3],"22":[1],"23":[7],"24":[4],"25":[3],"26":[3],"27":[3],"28":[7],"29":[7],"30":[4],"31":[3],"32":[3],"33":[3]},"fnMap":{"0":{"name":"isTheSameUrl","decl":{"start":{"line":14,"column":21},"end":{"line":20,"column":2}},"loc":{"start":{"line":14,"column":21},"end":{"line":20,"column":2}},"line":14},"1":{"name":"isCallableUrl","decl":{"start":{"line":22,"column":22},"end":{"line":31,"column":2}},"loc":{"start":{"line":22,"column":22},"end":{"line":31,"column":2}},"line":22},"2":{"name":"pageLoader","decl":{"start":{"line":33,"column":19},"end":{"line":129,"column":2}},"loc":{"start":{"line":33,"column":19},"end":{"line":129,"column":2}},"line":33},"3":{"name":"prefixed","decl":{"start":{"line":67,"column":25},"end":{"line":72,"column":9}},"loc":{"start":{"line":67,"column":25},"end":{"line":72,"column":9}},"line":67}},"f":{"0":4,"1":7,"2":3,"3":4}}
,"/home/redmi/backend-project-4/src/utils/generateFileName.js": {"path":"/home/redmi/backend-project-4/src/utils/generateFileName.js","all":false,"statementMap":{"0":{"start":{"line":1,"column":0},"end":{"line":1,"column":29}},"1":{"start":{"line":2,"column":0},"end":{"line":2,"column":2}},"2":{"start":{"line":3,"column":0},"end":{"line":3,"column":67}},"3":{"start":{"line":4,"column":0},"end":{"line":4,"column":10}},"4":{"start":{"line":5,"column":0},"end":{"line":5,"column":8}},"5":{"start":{"line":6,"column":0},"end":{"line":6,"column":31}},"6":{"start":{"line":7,"column":0},"end":{"line":7,"column":26}},"7":{"start":{"line":8,"column":0},"end":{"line":8,"column":27}},"8":{"start":{"line":9,"column":0},"end":{"line":9,"column":16}},"9":{"start":{"line":10,"column":0},"end":{"line":10,"column":29}},"10":{"start":{"line":11,"column":0},"end":{"line":11,"column":30}},"11":{"start":{"line":12,"column":0},"end":{"line":12,"column":25}},"12":{"start":{"line":13,"column":0},"end":{"line":13,"column":36}},"13":{"start":{"line":14,"column":0},"end":{"line":14,"column":10}},"14":{"start":{"line":15,"column":0},"end":{"line":15,"column":8}},"15":{"start":{"line":16,"column":0},"end":{"line":16,"column":18}},"16":{"start":{"line":17,"column":0},"end":{"line":17,"column":80}},"17":{"start":{"line":18,"column":0},"end":{"line":18,"column":4}},"18":{"start":{"line":19,"column":0},"end":{"line":19,"column":2}},"19":{"start":{"line":20,"column":0},"end":{"line":20,"column":2}},"20":{"start":{"line":21,"column":0},"end":{"line":21,"column":0}},"21":{"start":{"line":22,"column":0},"end":{"line":22,"column":67}},"22":{"start":{"line":23,"column":0},"end":{"line":23,"column":20}},"23":{"start":{"line":24,"column":0},"end":{"line":24,"column":29}},"24":{"start":{"line":25,"column":0},"end":{"line":25,"column":24}},"25":{"start":{"line":26,"column":0},"end":{"line":26,"column":25}},"26":{"start":{"line":27,"column":0},"end":{"line":27,"column":67}},"27":{"start":{"line":28,"column":0},"end":{"line":28,"column":6}},"28":{"start":{"line":29,"column":0},"end":{"line":29,"column":15}},"29":{"start":{"line":30,"column":0},"end":{"line":30,"column":25}},"30":{"start":{"line":31,"column":0},"end":{"line":31,"column":76}},"31":{"start":{"line":32,"column":0},"end":{"line":32,"column":10}},"32":{"start":{"line":33,"column":0},"end":{"line":33,"column":13}},"33":{"start":{"line":34,"column":0},"end":{"line":34,"column":80}},"34":{"start":{"line":35,"column":0},"end":{"line":35,"column":4}},"35":{"start":{"line":36,"column":0},"end":{"line":36,"column":2}}},"s":{"0":1,"1":1,"2":1,"3":1,"4":1,"5":1,"6":1,"7":1,"8":1,"9":1,"10":1,"11":1,"12":1,"13":1,"14":1,"15":1,"16":1,"17":1,"18":1,"19":1,"20":1,"21":1,"22":14,"23":14,"24":14,"25":71,"26":71,"27":14,"28":14,"29":14,"30":14,"31":14,"32":14,"33":14,"34":14,"35":14},"branchMap":{"0":{"type":"branch","line":22,"loc":{"start":{"line":22,"column":15},"end":{"line":36,"column":2}},"locations":[{"start":{"line":22,"column":15},"end":{"line":36,"column":2}}]},"1":{"type":"branch","line":31,"loc":{"start":{"line":31,"column":35},"end":{"line":31,"column":76}},"locations":[{"start":{"line":31,"column":35},"end":{"line":31,"column":76}}]},"2":{"type":"branch","line":34,"loc":{"start":{"line":34,"column":29},"end":{"line":34,"column":49}},"locations":[{"start":{"line":34,"column":29},"end":{"line":34,"column":49}}]},"3":{"type":"branch","line":34,"loc":{"start":{"line":34,"column":49},"end":{"line":34,"column":54}},"locations":[{"start":{"line":34,"column":49},"end":{"line":34,"column":54}}]},"4":{"type":"branch","line":34,"loc":{"start":{"line":34,"column":54},"end":{"line":34,"column":60}},"locations":[{"start":{"line":34,"column":54},"end":{"line":34,"column":60}}]},"5":{"type":"branch","line":34,"loc":{"start":{"line":34,"column":72},"end":{"line":34,"column":78}},"locations":[{"start":{"line":34,"column":72},"end":{"line":34,"column":78}}]},"6":{"type":"branch","line":25,"loc":{"start":{"line":25,"column":13},"end":{"line":28,"column":5}},"locations":[{"start":{"line":25,"column":13},"end":{"line":28,"column":5}}]},"7":{"type":"branch","line":27,"loc":{"start":{"line":27,"column":50},"end":{"line":27,"column":66}},"locations":[{"start":{"line":27,"column":50},"end":{"line":27,"column":66}}]}},"b":{"0":[14],"1":[4],"2":[10],"3":[4],"4":[10],"5":[0],"6":[71],"7":[60]},"fnMap":{"0":{"name":"default","decl":{"start":{"line":22,"column":15},"end":{"line":36,"column":2}},"loc":{"start":{"line":22,"column":15},"end":{"line":36,"column":2}},"line":22}},"f":{"0":14}}
,"/home/redmi/backend-project-4/src/utils/getImagesPaths.js": {"path":"/home/redmi/backend-project-4/src/utils/getImagesPaths.js","all":false,"statementMap":{"0":{"start":{"line":1,"column":0},"end":{"line":1,"column":35}},"1":{"start":{"line":2,"column":0},"end":{"line":2,"column":0}},"2":{"start":{"line":3,"column":0},"end":{"line":3,"column":26}},"3":{"start":{"line":4,"column":0},"end":{"line":4,"column":31}},"4":{"start":{"line":5,"column":0},"end":{"line":5,"column":18}},"5":{"start":{"line":6,"column":0},"end":{"line":6,"column":16}},"6":{"start":{"line":7,"column":0},"end":{"line":7,"column":47}},"7":{"start":{"line":8,"column":0},"end":{"line":8,"column":11}},"8":{"start":{"line":9,"column":0},"end":{"line":9,"column":2}}},"s":{"0":1,"1":1,"2":1,"3":4,"4":4,"5":4,"6":4,"7":4,"8":4},"branchMap":{"0":{"type":"branch","line":3,"loc":{"start":{"line":3,"column":16},"end":{"line":9,"column":2}},"locations":[{"start":{"line":3,"column":16},"end":{"line":9,"column":2}}]},"1":{"type":"branch","line":7,"loc":{"start":{"line":7,"column":9},"end":{"line":7,"column":46}},"locations":[{"start":{"line":7,"column":9},"end":{"line":7,"column":46}}]}},"b":{"0":[4],"1":[3]},"fnMap":{"0":{"name":"default","decl":{"start":{"line":3,"column":16},"end":{"line":9,"column":2}},"loc":{"start":{"line":3,"column":16},"end":{"line":9,"column":2}},"line":3}},"f":{"0":4}}
,"/home/redmi/backend-project-4/src/utils/getLinks.js": {"path":"/home/redmi/backend-project-4/src/utils/getLinks.js","all":false,"statementMap":{"0":{"start":{"line":1,"column":0},"end":{"line":1,"column":35}},"1":{"start":{"line":2,"column":0},"end":{"line":2,"column":0}},"2":{"start":{"line":3,"column":0},"end":{"line":3,"column":26}},"3":{"start":{"line":4,"column":0},"end":{"line":4,"column":31}},"4":{"start":{"line":5,"column":0},"end":{"line":5,"column":18}},"5":{"start":{"line":6,"column":0},"end":{"line":6,"column":17}},"6":{"start":{"line":7,"column":0},"end":{"line":7,"column":28}},"7":{"start":{"line":8,"column":0},"end":{"line":8,"column":34}},"8":{"start":{"line":9,"column":0},"end":{"line":9,"column":6}},"9":{"start":{"line":10,"column":0},"end":{"line":10,"column":11}},"10":{"start":{"line":11,"column":0},"end":{"line":11,"column":2}}},"s":{"0":1,"1":1,"2":1,"3":4,"4":4,"5":4,"6":4,"7":6,"8":4,"9":4,"10":4},"branchMap":{"0":{"type":"branch","line":3,"loc":{"start":{"line":3,"column":16},"end":{"line":11,"column":2}},"locations":[{"start":{"line":3,"column":16},"end":{"line":11,"column":2}}]},"1":{"type":"branch","line":7,"loc":{"start":{"line":7,"column":9},"end":{"line":9,"column":5}},"locations":[{"start":{"line":7,"column":9},"end":{"line":9,"column":5}}]}},"b":{"0":[4],"1":[6]},"fnMap":{"0":{"name":"default","decl":{"start":{"line":3,"column":16},"end":{"line":11,"column":2}},"loc":{"start":{"line":3,"column":16},"end":{"line":11,"column":2}},"line":3}},"f":{"0":4}}
,"/home/redmi/backend-project-4/src/utils/getScripts.js": {"path":"/home/redmi/backend-project-4/src/utils/getScripts.js","all":false,"statementMap":{"0":{"start":{"line":1,"column":0},"end":{"line":1,"column":35}},"1":{"start":{"line":2,"column":0},"end":{"line":2,"column":0}},"2":{"start":{"line":3,"column":0},"end":{"line":3,"column":26}},"3":{"start":{"line":4,"column":0},"end":{"line":4,"column":31}},"4":{"start":{"line":5,"column":0},"end":{"line":5,"column":18}},"5":{"start":{"line":6,"column":0},"end":{"line":6,"column":19}},"6":{"start":{"line":7,"column":0},"end":{"line":7,"column":47}},"7":{"start":{"line":8,"column":0},"end":{"line":8,"column":11}},"8":{"start":{"line":9,"column":0},"end":{"line":9,"column":2}}},"s":{"0":1,"1":1,"2":1,"3":4,"4":4,"5":4,"6":4,"7":4,"8":4},"branchMap":{"0":{"type":"branch","line":3,"loc":{"start":{"line":3,"column":16},"end":{"line":9,"column":2}},"locations":[{"start":{"line":3,"column":16},"end":{"line":9,"column":2}}]},"1":{"type":"branch","line":7,"loc":{"start":{"line":7,"column":9},"end":{"line":7,"column":46}},"locations":[{"start":{"line":7,"column":9},"end":{"line":7,"column":46}}]}},"b":{"0":[4],"1":[4]},"fnMap":{"0":{"name":"default","decl":{"start":{"line":3,"column":16},"end":{"line":9,"column":2}},"loc":{"start":{"line":3,"column":16},"end":{"line":9,"column":2}},"line":3}},"f":{"0":4}}
,"/home/redmi/backend-project-4/src/utils/makeRequest.js": {"path":"/home/redmi/backend-project-4/src/utils/makeRequest.js","all":false,"statementMap":{"0":{"start":{"line":1,"column":0},"end":{"line":1,"column":26}},"1":{"start":{"line":2,"column":0},"end":{"line":2,"column":0}},"2":{"start":{"line":3,"column":0},"end":{"line":3,"column":31}},"3":{"start":{"line":4,"column":0},"end":{"line":4,"column":41}},"4":{"start":{"line":5,"column":0},"end":{"line":5,"column":32}},"5":{"start":{"line":6,"column":0},"end":{"line":6,"column":5}},"6":{"start":{"line":7,"column":0},"end":{"line":7,"column":14}},"7":{"start":{"line":8,"column":0},"end":{"line":8,"column":2}}},"s":{"0":1,"1":1,"2":1,"3":7,"4":7,"5":7,"6":7,"7":7},"branchMap":{"0":{"type":"branch","line":3,"loc":{"start":{"line":3,"column":15},"end":{"line":8,"column":2}},"locations":[{"start":{"line":3,"column":15},"end":{"line":8,"column":2}}]}},"b":{"0":[7]},"fnMap":{"0":{"name":"default","decl":{"start":{"line":3,"column":15},"end":{"line":8,"column":2}},"loc":{"start":{"line":3,"column":15},"end":{"line":8,"column":2}},"line":3}},"f":{"0":7}}
,"/home/redmi/backend-project-4/src/utils/replaceSrc.js": {"path":"/home/redmi/backend-project-4/src/utils/replaceSrc.js","all":false,"statementMap":{"0":{"start":{"line":1,"column":0},"end":{"line":1,"column":35}},"1":{"start":{"line":2,"column":0},"end":{"line":2,"column":29}},"2":{"start":{"line":3,"column":0},"end":{"line":3,"column":0}},"3":{"start":{"line":4,"column":0},"end":{"line":4,"column":26}},"4":{"start":{"line":5,"column":0},"end":{"line":5,"column":0}},"5":{"start":{"line":6,"column":0},"end":{"line":6,"column":55}},"6":{"start":{"line":7,"column":0},"end":{"line":7,"column":31}},"7":{"start":{"line":8,"column":0},"end":{"line":8,"column":71}},"8":{"start":{"line":9,"column":0},"end":{"line":9,"column":71}},"9":{"start":{"line":10,"column":0},"end":{"line":10,"column":75}},"10":{"start":{"line":11,"column":0},"end":{"line":11,"column":0}},"11":{"start":{"line":12,"column":0},"end":{"line":12,"column":30}},"12":{"start":{"line":13,"column":0},"end":{"line":13,"column":29}},"13":{"start":{"line":14,"column":0},"end":{"line":14,"column":55}},"14":{"start":{"line":15,"column":0},"end":{"line":15,"column":41}},"15":{"start":{"line":16,"column":0},"end":{"line":16,"column":47}},"16":{"start":{"line":17,"column":0},"end":{"line":17,"column":7}},"17":{"start":{"line":18,"column":0},"end":{"line":18,"column":4}},"18":{"start":{"line":19,"column":0},"end":{"line":19,"column":31}},"19":{"start":{"line":20,"column":0},"end":{"line":20,"column":30}},"20":{"start":{"line":21,"column":0},"end":{"line":21,"column":54}},"21":{"start":{"line":22,"column":0},"end":{"line":22,"column":44}},"22":{"start":{"line":23,"column":0},"end":{"line":23,"column":76}},"23":{"start":{"line":24,"column":0},"end":{"line":24,"column":41}},"24":{"start":{"line":25,"column":0},"end":{"line":25,"column":47}},"25":{"start":{"line":26,"column":0},"end":{"line":26,"column":7}},"26":{"start":{"line":27,"column":0},"end":{"line":27,"column":4}},"27":{"start":{"line":28,"column":0},"end":{"line":28,"column":33}},"28":{"start":{"line":29,"column":0},"end":{"line":29,"column":29}},"29":{"start":{"line":30,"column":0},"end":{"line":30,"column":56}},"30":{"start":{"line":31,"column":0},"end":{"line":31,"column":41}},"31":{"start":{"line":32,"column":0},"end":{"line":32,"column":47}},"32":{"start":{"line":33,"column":0},"end":{"line":33,"column":7}},"33":{"start":{"line":34,"column":0},"end":{"line":34,"column":4}},"34":{"start":{"line":35,"column":0},"end":{"line":35,"column":18}},"35":{"start":{"line":36,"column":0},"end":{"line":36,"column":2}}},"s":{"0":1,"1":1,"2":1,"3":1,"4":1,"5":1,"6":3,"7":3,"8":3,"9":3,"10":3,"11":3,"12":2,"13":2,"14":2,"15":2,"16":2,"17":3,"18":3,"19":3,"20":3,"21":3,"22":3,"23":3,"24":1,"25":3,"26":3,"27":3,"28":2,"29":2,"30":2,"31":1,"32":2,"33":3,"34":3,"35":3},"branchMap":{"0":{"type":"branch","line":6,"loc":{"start":{"line":6,"column":15},"end":{"line":36,"column":2}},"locations":[{"start":{"line":6,"column":15},"end":{"line":36,"column":2}}]},"1":{"type":"branch","line":8,"loc":{"start":{"line":8,"column":41},"end":{"line":8,"column":69}},"locations":[{"start":{"line":8,"column":41},"end":{"line":8,"column":69}}]},"2":{"type":"branch","line":9,"loc":{"start":{"line":9,"column":40},"end":{"line":9,"column":69}},"locations":[{"start":{"line":9,"column":40},"end":{"line":9,"column":69}}]},"3":{"type":"branch","line":10,"loc":{"start":{"line":10,"column":42},"end":{"line":10,"column":73}},"locations":[{"start":{"line":10,"column":42},"end":{"line":10,"column":73}}]},"4":{"type":"branch","line":12,"loc":{"start":{"line":12,"column":16},"end":{"line":17,"column":7}},"locations":[{"start":{"line":12,"column":16},"end":{"line":17,"column":7}}]},"5":{"type":"branch","line":13,"loc":{"start":{"line":13,"column":22},"end":{"line":17,"column":5}},"locations":[{"start":{"line":13,"column":22},"end":{"line":17,"column":5}}]},"6":{"type":"branch","line":15,"loc":{"start":{"line":15,"column":23},"end":{"line":15,"column":41}},"locations":[{"start":{"line":15,"column":23},"end":{"line":15,"column":41}}]},"7":{"type":"branch","line":19,"loc":{"start":{"line":19,"column":17},"end":{"line":26,"column":7}},"locations":[{"start":{"line":19,"column":17},"end":{"line":26,"column":7}}]},"8":{"type":"branch","line":20,"loc":{"start":{"line":20,"column":23},"end":{"line":26,"column":5}},"locations":[{"start":{"line":20,"column":23},"end":{"line":26,"column":5}}]},"9":{"type":"branch","line":23,"loc":{"start":{"line":23,"column":8},"end":{"line":23,"column":76}},"locations":[{"start":{"line":23,"column":8},"end":{"line":23,"column":76}}]},"10":{"type":"branch","line":23,"loc":{"start":{"line":23,"column":75},"end":{"line":24,"column":23}},"locations":[{"start":{"line":23,"column":75},"end":{"line":24,"column":23}}]},"11":{"type":"branch","line":24,"loc":{"start":{"line":24,"column":23},"end":{"line":26,"column":5}},"locations":[{"start":{"line":24,"column":23},"end":{"line":26,"column":5}}]},"12":{"type":"branch","line":28,"loc":{"start":{"line":28,"column":19},"end":{"line":33,"column":7}},"locations":[{"start":{"line":28,"column":19},"end":{"line":33,"column":7}}]},"13":{"type":"branch","line":29,"loc":{"start":{"line":29,"column":22},"end":{"line":33,"column":5}},"locations":[{"start":{"line":29,"column":22},"end":{"line":33,"column":5}}]},"14":{"type":"branch","line":31,"loc":{"start":{"line":31,"column":23},"end":{"line":33,"column":5}},"locations":[{"start":{"line":31,"column":23},"end":{"line":33,"column":5}}]}},"b":{"0":[3],"1":[7],"2":[7],"3":[7],"4":[2],"5":[2],"6":[0],"7":[3],"8":[3],"9":[1],"10":[2],"11":[1],"12":[2],"13":[2],"14":[1]},"fnMap":{"0":{"name":"default","decl":{"start":{"line":6,"column":15},"end":{"line":36,"column":2}},"loc":{"start":{"line":6,"column":15},"end":{"line":36,"column":2}},"line":6}},"f":{"0":3}}
}
