{"/home/redmi/backend-project-4/src/progress.js": {"path":"/home/redmi/backend-project-4/src/progress.js","all":false,"statementMap":{"0":{"start":{"line":1,"column":0},"end":{"line":1,"column":26}},"1":{"start":{"line":2,"column":0},"end":{"line":2,"column":26}},"2":{"start":{"line":3,"column":0},"end":{"line":3,"column":29}},"3":{"start":{"line":4,"column":0},"end":{"line":4,"column":47}},"4":{"start":{"line":5,"column":0},"end":{"line":5,"column":8}},"5":{"start":{"line":6,"column":0},"end":{"line":6,"column":10}},"6":{"start":{"line":7,"column":0},"end":{"line":7,"column":14}},"7":{"start":{"line":8,"column":0},"end":{"line":8,"column":14}},"8":{"start":{"line":9,"column":0},"end":{"line":9,"column":27}},"9":{"start":{"line":10,"column":0},"end":{"line":10,"column":46}},"10":{"start":{"line":11,"column":0},"end":{"line":11,"column":29}},"11":{"start":{"line":12,"column":0},"end":{"line":12,"column":0}},"12":{"start":{"line":13,"column":0},"end":{"line":13,"column":42}},"13":{"start":{"line":14,"column":0},"end":{"line":14,"column":35}},"14":{"start":{"line":15,"column":0},"end":{"line":15,"column":23}},"15":{"start":{"line":16,"column":0},"end":{"line":16,"column":20}},"16":{"start":{"line":17,"column":0},"end":{"line":17,"column":5}},"17":{"start":{"line":18,"column":0},"end":{"line":18,"column":44}},"18":{"start":{"line":19,"column":0},"end":{"line":19,"column":28}},"19":{"start":{"line":20,"column":0},"end":{"line":20,"column":19}},"20":{"start":{"line":21,"column":0},"end":{"line":21,"column":24}},"21":{"start":{"line":22,"column":0},"end":{"line":22,"column":53}},"22":{"start":{"line":23,"column":0},"end":{"line":23,"column":28}},"23":{"start":{"line":24,"column":0},"end":{"line":24,"column":9}},"24":{"start":{"line":25,"column":0},"end":{"line":25,"column":30}},"25":{"start":{"line":26,"column":0},"end":{"line":26,"column":8}},"26":{"start":{"line":27,"column":0},"end":{"line":27,"column":6}},"27":{"start":{"line":28,"column":0},"end":{"line":28,"column":5}},"28":{"start":{"line":29,"column":0},"end":{"line":29,"column":50}},"29":{"start":{"line":30,"column":0},"end":{"line":30,"column":28}},"30":{"start":{"line":31,"column":0},"end":{"line":31,"column":22}},"31":{"start":{"line":32,"column":0},"end":{"line":32,"column":37}},"32":{"start":{"line":33,"column":0},"end":{"line":33,"column":56}},"33":{"start":{"line":34,"column":0},"end":{"line":34,"column":28}},"34":{"start":{"line":35,"column":0},"end":{"line":35,"column":16}},"35":{"start":{"line":36,"column":0},"end":{"line":36,"column":52}},"36":{"start":{"line":37,"column":0},"end":{"line":37,"column":44}},"37":{"start":{"line":38,"column":0},"end":{"line":38,"column":17}},"38":{"start":{"line":39,"column":0},"end":{"line":39,"column":9}},"39":{"start":{"line":40,"column":0},"end":{"line":40,"column":8}},"40":{"start":{"line":41,"column":0},"end":{"line":41,"column":6}},"41":{"start":{"line":42,"column":0},"end":{"line":42,"column":5}},"42":{"start":{"line":43,"column":0},"end":{"line":43,"column":52}},"43":{"start":{"line":44,"column":0},"end":{"line":44,"column":28}},"44":{"start":{"line":45,"column":0},"end":{"line":45,"column":61}},"45":{"start":{"line":46,"column":0},"end":{"line":46,"column":60}},"46":{"start":{"line":47,"column":0},"end":{"line":47,"column":56}},"47":{"start":{"line":48,"column":0},"end":{"line":48,"column":48}},"48":{"start":{"line":49,"column":0},"end":{"line":49,"column":11}},"49":{"start":{"line":50,"column":0},"end":{"line":50,"column":8}},"50":{"start":{"line":51,"column":0},"end":{"line":51,"column":6}},"51":{"start":{"line":52,"column":0},"end":{"line":52,"column":5}},"52":{"start":{"line":53,"column":0},"end":{"line":53,"column":35}},"53":{"start":{"line":54,"column":0},"end":{"line":54,"column":26}},"54":{"start":{"line":55,"column":0},"end":{"line":55,"column":24}},"55":{"start":{"line":56,"column":0},"end":{"line":56,"column":27}},"56":{"start":{"line":57,"column":0},"end":{"line":57,"column":46}},"57":{"start":{"line":58,"column":0},"end":{"line":58,"column":46}},"58":{"start":{"line":59,"column":0},"end":{"line":59,"column":22}},"59":{"start":{"line":60,"column":0},"end":{"line":60,"column":12}},"60":{"start":{"line":61,"column":0},"end":{"line":61,"column":27}},"61":{"start":{"line":62,"column":0},"end":{"line":62,"column":42}},"62":{"start":{"line":63,"column":0},"end":{"line":63,"column":50}},"63":{"start":{"line":64,"column":0},"end":{"line":64,"column":80}},"64":{"start":{"line":65,"column":0},"end":{"line":65,"column":35}},"65":{"start":{"line":66,"column":0},"end":{"line":66,"column":28}},"66":{"start":{"line":67,"column":0},"end":{"line":67,"column":32}},"67":{"start":{"line":68,"column":0},"end":{"line":68,"column":23}},"68":{"start":{"line":69,"column":0},"end":{"line":69,"column":30}},"69":{"start":{"line":70,"column":0},"end":{"line":70,"column":19}},"70":{"start":{"line":71,"column":0},"end":{"line":71,"column":21}},"71":{"start":{"line":72,"column":0},"end":{"line":72,"column":30}},"72":{"start":{"line":73,"column":0},"end":{"line":73,"column":15}},"73":{"start":{"line":74,"column":0},"end":{"line":74,"column":13}},"74":{"start":{"line":75,"column":0},"end":{"line":75,"column":6}},"75":{"start":{"line":76,"column":0},"end":{"line":76,"column":5}},"76":{"start":{"line":77,"column":0},"end":{"line":77,"column":44}},"77":{"start":{"line":78,"column":0},"end":{"line":78,"column":28}},"78":{"start":{"line":79,"column":0},"end":{"line":79,"column":44}},"79":{"start":{"line":80,"column":0},"end":{"line":80,"column":60}},"80":{"start":{"line":81,"column":0},"end":{"line":81,"column":59}},"81":{"start":{"line":82,"column":0},"end":{"line":82,"column":59}},"82":{"start":{"line":83,"column":0},"end":{"line":83,"column":46}},"83":{"start":{"line":84,"column":0},"end":{"line":84,"column":27}},"84":{"start":{"line":85,"column":0},"end":{"line":85,"column":80}},"85":{"start":{"line":86,"column":0},"end":{"line":86,"column":42}},"86":{"start":{"line":87,"column":0},"end":{"line":87,"column":56}},"87":{"start":{"line":88,"column":0},"end":{"line":88,"column":24}},"88":{"start":{"line":89,"column":0},"end":{"line":89,"column":15}},"89":{"start":{"line":90,"column":0},"end":{"line":90,"column":11}},"90":{"start":{"line":91,"column":0},"end":{"line":91,"column":24}},"91":{"start":{"line":92,"column":0},"end":{"line":92,"column":11}},"92":{"start":{"line":93,"column":0},"end":{"line":93,"column":17}},"93":{"start":{"line":94,"column":0},"end":{"line":94,"column":54}},"94":{"start":{"line":95,"column":0},"end":{"line":95,"column":51}},"95":{"start":{"line":96,"column":0},"end":{"line":96,"column":27}},"96":{"start":{"line":97,"column":0},"end":{"line":97,"column":32}},"97":{"start":{"line":98,"column":0},"end":{"line":98,"column":40}},"98":{"start":{"line":99,"column":0},"end":{"line":99,"column":30}},"99":{"start":{"line":100,"column":0},"end":{"line":100,"column":13}},"100":{"start":{"line":101,"column":0},"end":{"line":101,"column":8}},"101":{"start":{"line":102,"column":0},"end":{"line":102,"column":6}},"102":{"start":{"line":103,"column":0},"end":{"line":103,"column":5}},"103":{"start":{"line":104,"column":0},"end":{"line":104,"column":52}},"104":{"start":{"line":105,"column":0},"end":{"line":105,"column":28}},"105":{"start":{"line":106,"column":0},"end":{"line":106,"column":57}},"106":{"start":{"line":107,"column":0},"end":{"line":107,"column":63}},"107":{"start":{"line":108,"column":0},"end":{"line":108,"column":53}},"108":{"start":{"line":109,"column":0},"end":{"line":109,"column":42}},"109":{"start":{"line":110,"column":0},"end":{"line":110,"column":32}},"110":{"start":{"line":111,"column":0},"end":{"line":111,"column":62}},"111":{"start":{"line":112,"column":0},"end":{"line":112,"column":28}},"112":{"start":{"line":113,"column":0},"end":{"line":113,"column":14}},"113":{"start":{"line":114,"column":0},"end":{"line":114,"column":11}},"114":{"start":{"line":115,"column":0},"end":{"line":115,"column":22}},"115":{"start":{"line":116,"column":0},"end":{"line":116,"column":11}},"116":{"start":{"line":117,"column":0},"end":{"line":117,"column":47}},"117":{"start":{"line":118,"column":0},"end":{"line":118,"column":27}},"118":{"start":{"line":119,"column":0},"end":{"line":119,"column":39}},"119":{"start":{"line":120,"column":0},"end":{"line":120,"column":47}},"120":{"start":{"line":121,"column":0},"end":{"line":121,"column":22}},"121":{"start":{"line":122,"column":0},"end":{"line":122,"column":12}},"122":{"start":{"line":123,"column":0},"end":{"line":123,"column":23}},"123":{"start":{"line":124,"column":0},"end":{"line":124,"column":58}},"124":{"start":{"line":125,"column":0},"end":{"line":125,"column":66}},"125":{"start":{"line":126,"column":0},"end":{"line":126,"column":13}},"126":{"start":{"line":127,"column":0},"end":{"line":127,"column":8}},"127":{"start":{"line":128,"column":0},"end":{"line":128,"column":6}},"128":{"start":{"line":129,"column":0},"end":{"line":129,"column":5}},"129":{"start":{"line":130,"column":0},"end":{"line":130,"column":36}},"130":{"start":{"line":131,"column":0},"end":{"line":131,"column":28}},"131":{"start":{"line":132,"column":0},"end":{"line":132,"column":40}},"132":{"start":{"line":133,"column":0},"end":{"line":133,"column":65}},"133":{"start":{"line":134,"column":0},"end":{"line":134,"column":67}},"134":{"start":{"line":135,"column":0},"end":{"line":135,"column":63}},"135":{"start":{"line":136,"column":0},"end":{"line":136,"column":41}},"136":{"start":{"line":137,"column":0},"end":{"line":137,"column":49}},"137":{"start":{"line":138,"column":0},"end":{"line":138,"column":20}},"138":{"start":{"line":139,"column":0},"end":{"line":139,"column":11}},"139":{"start":{"line":140,"column":0},"end":{"line":140,"column":8}},"140":{"start":{"line":141,"column":0},"end":{"line":141,"column":6}},"141":{"start":{"line":142,"column":0},"end":{"line":142,"column":5}},"142":{"start":{"line":143,"column":0},"end":{"line":143,"column":2}},"143":{"start":{"line":144,"column":0},"end":{"line":144,"column":0}},"144":{"start":{"line":145,"column":0},"end":{"line":145,"column":27}}},"s":{"0":1,"1":1,"2":1,"3":1,"4":1,"5":1,"6":1,"7":1,"8":1,"9":1,"10":1,"11":1,"12":1,"13":8,"14":8,"15":8,"16":8,"17":8,"18":8,"19":8,"20":0,"21":0,"22":0,"23":0,"24":8,"25":8,"26":8,"27":8,"28":8,"29":8,"30":8,"31":0,"32":0,"33":0,"34":8,"35":8,"36":8,"37":8,"38":8,"39":8,"40":8,"41":8,"42":8,"43":8,"44":8,"45":8,"46":7,"47":7,"48":8,"49":8,"50":8,"51":8,"52":8,"53":8,"54":7,"55":7,"56":4,"57":4,"58":4,"59":7,"60":7,"61":3,"62":3,"63":3,"64":3,"65":3,"66":3,"67":3,"68":3,"69":3,"70":3,"71":3,"72":3,"73":7,"74":8,"75":8,"76":8,"77":8,"78":3,"79":3,"80":3,"81":3,"82":7,"83":7,"84":4,"85":0,"86":0,"87":0,"88":4,"89":4,"90":3,"91":3,"92":3,"93":3,"94":3,"95":3,"96":3,"97":3,"98":3,"99":3,"100":3,"101":8,"102":8,"103":8,"104":8,"105":3,"106":3,"107":7,"108":7,"109":4,"110":4,"111":4,"112":4,"113":4,"114":3,"115":3,"116":3,"117":3,"118":0,"119":0,"120":0,"121":3,"122":3,"123":3,"124":3,"125":3,"126":3,"127":8,"128":8,"129":8,"130":8,"131":3,"132":3,"133":3,"134":3,"135":0,"136":0,"137":0,"138":3,"139":3,"140":8,"141":8,"142":8,"143":1,"144":1},"branchMap":{"0":{"type":"branch","line":13,"loc":{"start":{"line":13,"column":20},"end":{"line":143,"column":2}},"locations":[{"start":{"line":13,"column":20},"end":{"line":143,"column":2}}]},"1":{"type":"branch","line":19,"loc":{"start":{"line":19,"column":12},"end":{"line":26,"column":8}},"locations":[{"start":{"line":19,"column":12},"end":{"line":26,"column":8}}]},"2":{"type":"branch","line":20,"loc":{"start":{"line":20,"column":18},"end":{"line":24,"column":9}},"locations":[{"start":{"line":20,"column":18},"end":{"line":24,"column":9}}]},"3":{"type":"branch","line":30,"loc":{"start":{"line":30,"column":12},"end":{"line":40,"column":8}},"locations":[{"start":{"line":30,"column":12},"end":{"line":40,"column":8}}]},"4":{"type":"branch","line":31,"loc":{"start":{"line":31,"column":21},"end":{"line":35,"column":9}},"locations":[{"start":{"line":31,"column":21},"end":{"line":35,"column":9}}]},"5":{"type":"branch","line":44,"loc":{"start":{"line":44,"column":12},"end":{"line":50,"column":8}},"locations":[{"start":{"line":44,"column":12},"end":{"line":50,"column":8}}]},"6":{"type":"branch","line":46,"loc":{"start":{"line":46,"column":53},"end":{"line":49,"column":9}},"locations":[{"start":{"line":46,"column":53},"end":{"line":49,"column":9}}]},"7":{"type":"branch","line":54,"loc":{"start":{"line":54,"column":12},"end":{"line":74,"column":13}},"locations":[{"start":{"line":54,"column":12},"end":{"line":74,"column":13}}]},"8":{"type":"branch","line":56,"loc":{"start":{"line":56,"column":18},"end":{"line":60,"column":11}},"locations":[{"start":{"line":56,"column":18},"end":{"line":60,"column":11}}]},"9":{"type":"branch","line":61,"loc":{"start":{"line":61,"column":17},"end":{"line":74,"column":11}},"locations":[{"start":{"line":61,"column":17},"end":{"line":74,"column":11}}]},"10":{"type":"branch","line":78,"loc":{"start":{"line":78,"column":12},"end":{"line":101,"column":8}},"locations":[{"start":{"line":78,"column":12},"end":{"line":101,"column":8}}]},"11":{"type":"branch","line":82,"loc":{"start":{"line":82,"column":49},"end":{"line":92,"column":9}},"locations":[{"start":{"line":82,"column":49},"end":{"line":92,"column":9}}]},"12":{"type":"branch","line":84,"loc":{"start":{"line":84,"column":26},"end":{"line":90,"column":11}},"locations":[{"start":{"line":84,"column":26},"end":{"line":90,"column":11}}]},"13":{"type":"branch","line":90,"loc":{"start":{"line":90,"column":10},"end":{"line":92,"column":9}},"locations":[{"start":{"line":90,"column":10},"end":{"line":92,"column":9}}]},"14":{"type":"branch","line":95,"loc":{"start":{"line":95,"column":16},"end":{"line":95,"column":50}},"locations":[{"start":{"line":95,"column":16},"end":{"line":95,"column":50}}]},"15":{"type":"branch","line":96,"loc":{"start":{"line":96,"column":17},"end":{"line":100,"column":11}},"locations":[{"start":{"line":96,"column":17},"end":{"line":100,"column":11}}]},"16":{"type":"branch","line":105,"loc":{"start":{"line":105,"column":12},"end":{"line":127,"column":8}},"locations":[{"start":{"line":105,"column":12},"end":{"line":127,"column":8}}]},"17":{"type":"branch","line":107,"loc":{"start":{"line":107,"column":48},"end":{"line":116,"column":9}},"locations":[{"start":{"line":107,"column":48},"end":{"line":116,"column":9}}]},"18":{"type":"branch","line":109,"loc":{"start":{"line":109,"column":41},"end":{"line":114,"column":11}},"locations":[{"start":{"line":109,"column":41},"end":{"line":114,"column":11}}]},"19":{"type":"branch","line":114,"loc":{"start":{"line":114,"column":10},"end":{"line":116,"column":9}},"locations":[{"start":{"line":114,"column":10},"end":{"line":116,"column":9}}]},"20":{"type":"branch","line":123,"loc":{"start":{"line":123,"column":16},"end":{"line":126,"column":11}},"locations":[{"start":{"line":123,"column":16},"end":{"line":126,"column":11}}]},"21":{"type":"branch","line":131,"loc":{"start":{"line":131,"column":12},"end":{"line":140,"column":8}},"locations":[{"start":{"line":131,"column":12},"end":{"line":140,"column":8}}]}},"b":{"0":[8],"1":[8],"2":[0],"3":[8],"4":[0],"5":[8],"6":[7],"7":[7],"8":[4],"9":[3],"10":[3],"11":[7],"12":[4],"13":[3],"14":[3],"15":[3],"16":[3],"17":[7],"18":[4],"19":[3],"20":[3],"21":[3]},"fnMap":{"0":{"name":"createTasks","decl":{"start":{"line":13,"column":20},"end":{"line":143,"column":2}},"loc":{"start":{"line":13,"column":20},"end":{"line":143,"column":2}},"line":13},"1":{"name":"task","decl":{"start":{"line":19,"column":12},"end":{"line":26,"column":8}},"loc":{"start":{"line":19,"column":12},"end":{"line":26,"column":8}},"line":19},"2":{"name":"task","decl":{"start":{"line":30,"column":12},"end":{"line":40,"column":8}},"loc":{"start":{"line":30,"column":12},"end":{"line":40,"column":8}},"line":30},"3":{"name":"task","decl":{"start":{"line":44,"column":12},"end":{"line":50,"column":8}},"loc":{"start":{"line":44,"column":12},"end":{"line":50,"column":8}},"line":44},"4":{"name":"task","decl":{"start":{"line":54,"column":12},"end":{"line":74,"column":13}},"loc":{"start":{"line":54,"column":12},"end":{"line":74,"column":13}},"line":54},"5":{"name":"task","decl":{"start":{"line":78,"column":12},"end":{"line":101,"column":8}},"loc":{"start":{"line":78,"column":12},"end":{"line":101,"column":8}},"line":78},"6":{"name":"task","decl":{"start":{"line":105,"column":12},"end":{"line":127,"column":8}},"loc":{"start":{"line":105,"column":12},"end":{"line":127,"column":8}},"line":105},"7":{"name":"task","decl":{"start":{"line":131,"column":12},"end":{"line":140,"column":8}},"loc":{"start":{"line":131,"column":12},"end":{"line":140,"column":8}},"line":131}},"f":{"0":8,"1":8,"2":8,"3":8,"4":7,"5":3,"6":3,"7":3}}
,"/home/redmi/backend-project-4/src/utils/getters.js": {"path":"/home/redmi/backend-project-4/src/utils/getters.js","all":false,"statementMap":{"0":{"start":{"line":1,"column":0},"end":{"line":1,"column":35}},"1":{"start":{"line":2,"column":0},"end":{"line":2,"column":0}},"2":{"start":{"line":3,"column":0},"end":{"line":3,"column":30}},"3":{"start":{"line":4,"column":0},"end":{"line":4,"column":31}},"4":{"start":{"line":5,"column":0},"end":{"line":5,"column":18}},"5":{"start":{"line":6,"column":0},"end":{"line":6,"column":19}},"6":{"start":{"line":7,"column":0},"end":{"line":7,"column":47}},"7":{"start":{"line":8,"column":0},"end":{"line":8,"column":11}},"8":{"start":{"line":9,"column":0},"end":{"line":9,"column":2}},"9":{"start":{"line":10,"column":0},"end":{"line":10,"column":0}},"10":{"start":{"line":11,"column":0},"end":{"line":11,"column":28}},"11":{"start":{"line":12,"column":0},"end":{"line":12,"column":31}},"12":{"start":{"line":13,"column":0},"end":{"line":13,"column":18}},"13":{"start":{"line":14,"column":0},"end":{"line":14,"column":17}},"14":{"start":{"line":15,"column":0},"end":{"line":15,"column":28}},"15":{"start":{"line":16,"column":0},"end":{"line":16,"column":34}},"16":{"start":{"line":17,"column":0},"end":{"line":17,"column":6}},"17":{"start":{"line":18,"column":0},"end":{"line":18,"column":11}},"18":{"start":{"line":19,"column":0},"end":{"line":19,"column":2}},"19":{"start":{"line":20,"column":0},"end":{"line":20,"column":0}},"20":{"start":{"line":21,"column":0},"end":{"line":21,"column":29}},"21":{"start":{"line":22,"column":0},"end":{"line":22,"column":31}},"22":{"start":{"line":23,"column":0},"end":{"line":23,"column":18}},"23":{"start":{"line":24,"column":0},"end":{"line":24,"column":16}},"24":{"start":{"line":25,"column":0},"end":{"line":25,"column":47}},"25":{"start":{"line":26,"column":0},"end":{"line":26,"column":11}},"26":{"start":{"line":27,"column":0},"end":{"line":27,"column":2}},"27":{"start":{"line":28,"column":0},"end":{"line":28,"column":0}},"28":{"start":{"line":29,"column":0},"end":{"line":29,"column":43}}},"s":{"0":1,"1":1,"2":1,"3":4,"4":4,"5":4,"6":4,"7":4,"8":4,"9":1,"10":1,"11":4,"12":4,"13":4,"14":4,"15":6,"16":4,"17":4,"18":4,"19":1,"20":1,"21":4,"22":4,"23":4,"24":4,"25":4,"26":4,"27":1,"28":1},"branchMap":{"0":{"type":"branch","line":3,"loc":{"start":{"line":3,"column":20},"end":{"line":9,"column":2}},"locations":[{"start":{"line":3,"column":20},"end":{"line":9,"column":2}}]},"1":{"type":"branch","line":7,"loc":{"start":{"line":7,"column":9},"end":{"line":7,"column":46}},"locations":[{"start":{"line":7,"column":9},"end":{"line":7,"column":46}}]},"2":{"type":"branch","line":11,"loc":{"start":{"line":11,"column":18},"end":{"line":19,"column":2}},"locations":[{"start":{"line":11,"column":18},"end":{"line":19,"column":2}}]},"3":{"type":"branch","line":15,"loc":{"start":{"line":15,"column":9},"end":{"line":17,"column":5}},"locations":[{"start":{"line":15,"column":9},"end":{"line":17,"column":5}}]},"4":{"type":"branch","line":21,"loc":{"start":{"line":21,"column":19},"end":{"line":27,"column":2}},"locations":[{"start":{"line":21,"column":19},"end":{"line":27,"column":2}}]},"5":{"type":"branch","line":25,"loc":{"start":{"line":25,"column":9},"end":{"line":25,"column":46}},"locations":[{"start":{"line":25,"column":9},"end":{"line":25,"column":46}}]}},"b":{"0":[4],"1":[4],"2":[4],"3":[6],"4":[4],"5":[3]},"fnMap":{"0":{"name":"getScripts","decl":{"start":{"line":3,"column":20},"end":{"line":9,"column":2}},"loc":{"start":{"line":3,"column":20},"end":{"line":9,"column":2}},"line":3},"1":{"name":"getLinks","decl":{"start":{"line":11,"column":18},"end":{"line":19,"column":2}},"loc":{"start":{"line":11,"column":18},"end":{"line":19,"column":2}},"line":11},"2":{"name":"getImages","decl":{"start":{"line":21,"column":19},"end":{"line":27,"column":2}},"loc":{"start":{"line":21,"column":19},"end":{"line":27,"column":2}},"line":21}},"f":{"0":4,"1":4,"2":4}}
,"/home/redmi/backend-project-4/src/utils/pageLoaderHelperFunctions.js": {"path":"/home/redmi/backend-project-4/src/utils/pageLoaderHelperFunctions.js","all":false,"statementMap":{"0":{"start":{"line":1,"column":0},"end":{"line":1,"column":29}},"1":{"start":{"line":2,"column":0},"end":{"line":2,"column":39}},"2":{"start":{"line":3,"column":0},"end":{"line":3,"column":26}},"3":{"start":{"line":4,"column":0},"end":{"line":4,"column":29}},"4":{"start":{"line":5,"column":0},"end":{"line":5,"column":63}},"5":{"start":{"line":6,"column":0},"end":{"line":6,"column":0}},"6":{"start":{"line":7,"column":0},"end":{"line":7,"column":47}},"7":{"start":{"line":8,"column":0},"end":{"line":8,"column":27}},"8":{"start":{"line":9,"column":0},"end":{"line":9,"column":0}},"9":{"start":{"line":10,"column":0},"end":{"line":10,"column":50}},"10":{"start":{"line":11,"column":0},"end":{"line":11,"column":31}},"11":{"start":{"line":12,"column":0},"end":{"line":12,"column":11}},"12":{"start":{"line":13,"column":0},"end":{"line":13,"column":62}},"13":{"start":{"line":14,"column":0},"end":{"line":14,"column":17}},"14":{"start":{"line":15,"column":0},"end":{"line":15,"column":18}},"15":{"start":{"line":16,"column":0},"end":{"line":16,"column":6}},"16":{"start":{"line":17,"column":0},"end":{"line":17,"column":23}},"17":{"start":{"line":18,"column":0},"end":{"line":18,"column":36}},"18":{"start":{"line":19,"column":0},"end":{"line":19,"column":47}},"19":{"start":{"line":20,"column":0},"end":{"line":20,"column":43}},"20":{"start":{"line":21,"column":0},"end":{"line":21,"column":43}},"21":{"start":{"line":22,"column":0},"end":{"line":22,"column":14}},"22":{"start":{"line":23,"column":0},"end":{"line":23,"column":59}},"23":{"start":{"line":24,"column":0},"end":{"line":24,"column":7}},"24":{"start":{"line":25,"column":0},"end":{"line":25,"column":18}},"25":{"start":{"line":26,"column":0},"end":{"line":26,"column":7}},"26":{"start":{"line":27,"column":0},"end":{"line":27,"column":2}},"27":{"start":{"line":28,"column":0},"end":{"line":28,"column":0}},"28":{"start":{"line":29,"column":0},"end":{"line":29,"column":30}},"29":{"start":{"line":30,"column":0},"end":{"line":30,"column":21}},"30":{"start":{"line":31,"column":0},"end":{"line":31,"column":14}},"31":{"start":{"line":32,"column":0},"end":{"line":32,"column":15}},"32":{"start":{"line":33,"column":0},"end":{"line":33,"column":34}},"33":{"start":{"line":34,"column":0},"end":{"line":34,"column":6}},"34":{"start":{"line":35,"column":0},"end":{"line":35,"column":38}},"35":{"start":{"line":36,"column":0},"end":{"line":36,"column":23}},"36":{"start":{"line":37,"column":0},"end":{"line":37,"column":29}},"37":{"start":{"line":38,"column":0},"end":{"line":38,"column":7}},"38":{"start":{"line":39,"column":0},"end":{"line":39,"column":2}},"39":{"start":{"line":40,"column":0},"end":{"line":40,"column":0}},"40":{"start":{"line":41,"column":0},"end":{"line":41,"column":51}},"41":{"start":{"line":42,"column":0},"end":{"line":42,"column":74}},"42":{"start":{"line":43,"column":0},"end":{"line":43,"column":33}},"43":{"start":{"line":44,"column":0},"end":{"line":44,"column":30}},"44":{"start":{"line":45,"column":0},"end":{"line":45,"column":75}},"45":{"start":{"line":46,"column":0},"end":{"line":46,"column":3}},"46":{"start":{"line":47,"column":0},"end":{"line":47,"column":15}},"47":{"start":{"line":48,"column":0},"end":{"line":48,"column":2}},"48":{"start":{"line":49,"column":0},"end":{"line":49,"column":0}},"49":{"start":{"line":50,"column":0},"end":{"line":50,"column":39}},"50":{"start":{"line":51,"column":0},"end":{"line":51,"column":149}},"51":{"start":{"line":52,"column":0},"end":{"line":52,"column":27}},"52":{"start":{"line":53,"column":0},"end":{"line":53,"column":39}},"53":{"start":{"line":54,"column":0},"end":{"line":54,"column":3}},"54":{"start":{"line":55,"column":0},"end":{"line":55,"column":28}},"55":{"start":{"line":56,"column":0},"end":{"line":56,"column":17}},"56":{"start":{"line":57,"column":0},"end":{"line":57,"column":3}},"57":{"start":{"line":58,"column":0},"end":{"line":58,"column":14}},"58":{"start":{"line":59,"column":0},"end":{"line":59,"column":2}},"59":{"start":{"line":60,"column":0},"end":{"line":60,"column":0}},"60":{"start":{"line":61,"column":0},"end":{"line":61,"column":44}},"61":{"start":{"line":62,"column":0},"end":{"line":62,"column":30}},"62":{"start":{"line":63,"column":0},"end":{"line":63,"column":31}},"63":{"start":{"line":64,"column":0},"end":{"line":64,"column":50}},"64":{"start":{"line":65,"column":0},"end":{"line":65,"column":3}},"65":{"start":{"line":66,"column":0},"end":{"line":66,"column":34}},"66":{"start":{"line":67,"column":0},"end":{"line":67,"column":2}},"67":{"start":{"line":68,"column":0},"end":{"line":68,"column":0}},"68":{"start":{"line":69,"column":0},"end":{"line":69,"column":77}},"69":{"start":{"line":70,"column":0},"end":{"line":70,"column":69}},"70":{"start":{"line":71,"column":0},"end":{"line":71,"column":20}},"71":{"start":{"line":72,"column":0},"end":{"line":72,"column":29}},"72":{"start":{"line":73,"column":0},"end":{"line":73,"column":77}},"73":{"start":{"line":74,"column":0},"end":{"line":74,"column":15}},"74":{"start":{"line":75,"column":0},"end":{"line":75,"column":76}},"75":{"start":{"line":76,"column":0},"end":{"line":76,"column":10}},"76":{"start":{"line":77,"column":0},"end":{"line":77,"column":13}},"77":{"start":{"line":78,"column":0},"end":{"line":78,"column":80}},"78":{"start":{"line":79,"column":0},"end":{"line":79,"column":4}},"79":{"start":{"line":80,"column":0},"end":{"line":80,"column":2}},"80":{"start":{"line":81,"column":0},"end":{"line":81,"column":0}},"81":{"start":{"line":82,"column":0},"end":{"line":82,"column":34}},"82":{"start":{"line":83,"column":0},"end":{"line":83,"column":43}},"83":{"start":{"line":84,"column":0},"end":{"line":84,"column":71}},"84":{"start":{"line":85,"column":0},"end":{"line":85,"column":54}},"85":{"start":{"line":86,"column":0},"end":{"line":86,"column":29}},"86":{"start":{"line":87,"column":0},"end":{"line":87,"column":56}},"87":{"start":{"line":88,"column":0},"end":{"line":88,"column":57}},"88":{"start":{"line":89,"column":0},"end":{"line":89,"column":70}},"89":{"start":{"line":90,"column":0},"end":{"line":90,"column":2}},"90":{"start":{"line":91,"column":0},"end":{"line":91,"column":0}},"91":{"start":{"line":92,"column":0},"end":{"line":92,"column":50}},"92":{"start":{"line":93,"column":0},"end":{"line":93,"column":89}},"93":{"start":{"line":94,"column":0},"end":{"line":94,"column":19}},"94":{"start":{"line":95,"column":0},"end":{"line":95,"column":37}},"95":{"start":{"line":96,"column":0},"end":{"line":96,"column":42}},"96":{"start":{"line":97,"column":0},"end":{"line":97,"column":7}},"97":{"start":{"line":98,"column":0},"end":{"line":98,"column":37}},"98":{"start":{"line":99,"column":0},"end":{"line":99,"column":44}},"99":{"start":{"line":100,"column":0},"end":{"line":100,"column":7}},"100":{"start":{"line":101,"column":0},"end":{"line":101,"column":38}},"101":{"start":{"line":102,"column":0},"end":{"line":102,"column":45}},"102":{"start":{"line":103,"column":0},"end":{"line":103,"column":7}},"103":{"start":{"line":104,"column":0},"end":{"line":104,"column":4}},"104":{"start":{"line":105,"column":0},"end":{"line":105,"column":32}},"105":{"start":{"line":106,"column":0},"end":{"line":106,"column":28}},"106":{"start":{"line":107,"column":0},"end":{"line":107,"column":39}},"107":{"start":{"line":108,"column":0},"end":{"line":108,"column":64}},"108":{"start":{"line":109,"column":0},"end":{"line":109,"column":49}},"109":{"start":{"line":110,"column":0},"end":{"line":110,"column":14}},"110":{"start":{"line":111,"column":0},"end":{"line":111,"column":16}},"111":{"start":{"line":112,"column":0},"end":{"line":112,"column":26}},"112":{"start":{"line":113,"column":0},"end":{"line":113,"column":51}},"113":{"start":{"line":114,"column":0},"end":{"line":114,"column":8}},"114":{"start":{"line":115,"column":0},"end":{"line":115,"column":12}},"115":{"start":{"line":116,"column":0},"end":{"line":116,"column":14}},"116":{"start":{"line":117,"column":0},"end":{"line":117,"column":16}},"117":{"start":{"line":118,"column":0},"end":{"line":118,"column":25}},"118":{"start":{"line":119,"column":0},"end":{"line":119,"column":51}},"119":{"start":{"line":120,"column":0},"end":{"line":120,"column":8}},"120":{"start":{"line":121,"column":0},"end":{"line":121,"column":5}},"121":{"start":{"line":122,"column":0},"end":{"line":122,"column":5}},"122":{"start":{"line":123,"column":0},"end":{"line":123,"column":2}},"123":{"start":{"line":124,"column":0},"end":{"line":124,"column":0}},"124":{"start":{"line":125,"column":0},"end":{"line":125,"column":8}},"125":{"start":{"line":126,"column":0},"end":{"line":126,"column":10}},"126":{"start":{"line":127,"column":0},"end":{"line":127,"column":11}},"127":{"start":{"line":128,"column":0},"end":{"line":128,"column":19}},"128":{"start":{"line":129,"column":0},"end":{"line":129,"column":16}},"129":{"start":{"line":130,"column":0},"end":{"line":130,"column":15}},"130":{"start":{"line":131,"column":0},"end":{"line":131,"column":14}},"131":{"start":{"line":132,"column":0},"end":{"line":132,"column":14}},"132":{"start":{"line":133,"column":0},"end":{"line":133,"column":27}},"133":{"start":{"line":134,"column":0},"end":{"line":134,"column":2}}},"s":{"0":1,"1":1,"2":1,"3":1,"4":1,"5":1,"6":1,"7":1,"8":1,"9":1,"10":8,"11":8,"12":8,"13":8,"14":7,"15":8,"16":8,"17":1,"18":0,"19":1,"20":1,"21":1,"22":0,"23":0,"24":1,"25":8,"26":8,"27":1,"28":1,"29":11,"30":11,"31":11,"32":11,"33":11,"34":11,"35":11,"36":4,"37":11,"38":11,"39":1,"40":1,"41":4,"42":4,"43":4,"44":3,"45":3,"46":1,"47":1,"48":1,"49":1,"50":7,"51":7,"52":3,"53":3,"54":7,"55":1,"56":1,"57":3,"58":3,"59":1,"60":1,"61":4,"62":4,"63":3,"64":3,"65":1,"66":1,"67":1,"68":1,"69":14,"70":14,"71":14,"72":14,"73":14,"74":14,"75":14,"76":14,"77":14,"78":14,"79":14,"80":1,"81":1,"82":3,"83":3,"84":3,"85":3,"86":3,"87":3,"88":3,"89":3,"90":1,"91":1,"92":3,"93":3,"94":3,"95":2,"96":3,"97":3,"98":3,"99":3,"100":3,"101":2,"102":3,"103":3,"104":3,"105":7,"106":7,"107":3,"108":7,"109":0,"110":0,"111":0,"112":0,"113":0,"114":4,"115":4,"116":4,"117":4,"118":4,"119":4,"120":4,"121":3,"122":3,"123":1,"124":1,"125":1,"126":1,"127":1,"128":1,"129":1,"130":1,"131":1,"132":1,"133":1},"branchMap":{"0":{"type":"branch","line":10,"loc":{"start":{"line":10,"column":34},"end":{"line":27,"column":2}},"locations":[{"start":{"line":10,"column":34},"end":{"line":27,"column":2}}]},"1":{"type":"branch","line":14,"loc":{"start":{"line":14,"column":10},"end":{"line":16,"column":5}},"locations":[{"start":{"line":14,"column":10},"end":{"line":16,"column":5}}]},"2":{"type":"branch","line":17,"loc":{"start":{"line":17,"column":12},"end":{"line":26,"column":5}},"locations":[{"start":{"line":17,"column":12},"end":{"line":26,"column":5}}]},"3":{"type":"branch","line":18,"loc":{"start":{"line":18,"column":35},"end":{"line":20,"column":7}},"locations":[{"start":{"line":18,"column":35},"end":{"line":20,"column":7}}]},"4":{"type":"branch","line":22,"loc":{"start":{"line":22,"column":7},"end":{"line":24,"column":7}},"locations":[{"start":{"line":22,"column":7},"end":{"line":24,"column":7}}]},"5":{"type":"branch","line":29,"loc":{"start":{"line":29,"column":21},"end":{"line":39,"column":2}},"locations":[{"start":{"line":29,"column":21},"end":{"line":39,"column":2}}]},"6":{"type":"branch","line":35,"loc":{"start":{"line":35,"column":11},"end":{"line":35,"column":37}},"locations":[{"start":{"line":35,"column":11},"end":{"line":35,"column":37}}]},"7":{"type":"branch","line":36,"loc":{"start":{"line":36,"column":12},"end":{"line":38,"column":5}},"locations":[{"start":{"line":36,"column":12},"end":{"line":38,"column":5}}]},"8":{"type":"branch","line":41,"loc":{"start":{"line":41,"column":21},"end":{"line":48,"column":2}},"locations":[{"start":{"line":41,"column":21},"end":{"line":48,"column":2}}]},"9":{"type":"branch","line":44,"loc":{"start":{"line":44,"column":29},"end":{"line":46,"column":3}},"locations":[{"start":{"line":44,"column":29},"end":{"line":46,"column":3}}]},"10":{"type":"branch","line":46,"loc":{"start":{"line":46,"column":2},"end":{"line":48,"column":2}},"locations":[{"start":{"line":46,"column":2},"end":{"line":48,"column":2}}]},"11":{"type":"branch","line":50,"loc":{"start":{"line":50,"column":22},"end":{"line":59,"column":2}},"locations":[{"start":{"line":50,"column":22},"end":{"line":59,"column":2}}]},"12":{"type":"branch","line":52,"loc":{"start":{"line":52,"column":26},"end":{"line":54,"column":3}},"locations":[{"start":{"line":52,"column":26},"end":{"line":54,"column":3}}]},"13":{"type":"branch","line":54,"loc":{"start":{"line":54,"column":2},"end":{"line":55,"column":27}},"locations":[{"start":{"line":54,"column":2},"end":{"line":55,"column":27}}]},"14":{"type":"branch","line":55,"loc":{"start":{"line":55,"column":27},"end":{"line":57,"column":3}},"locations":[{"start":{"line":55,"column":27},"end":{"line":57,"column":3}}]},"15":{"type":"branch","line":57,"loc":{"start":{"line":57,"column":2},"end":{"line":59,"column":2}},"locations":[{"start":{"line":57,"column":2},"end":{"line":59,"column":2}}]},"16":{"type":"branch","line":61,"loc":{"start":{"line":61,"column":17},"end":{"line":67,"column":2}},"locations":[{"start":{"line":61,"column":17},"end":{"line":67,"column":2}}]},"17":{"type":"branch","line":63,"loc":{"start":{"line":63,"column":30},"end":{"line":65,"column":3}},"locations":[{"start":{"line":63,"column":30},"end":{"line":65,"column":3}}]},"18":{"type":"branch","line":65,"loc":{"start":{"line":65,"column":2},"end":{"line":67,"column":2}},"locations":[{"start":{"line":65,"column":2},"end":{"line":67,"column":2}}]},"19":{"type":"branch","line":69,"loc":{"start":{"line":69,"column":25},"end":{"line":80,"column":2}},"locations":[{"start":{"line":69,"column":25},"end":{"line":80,"column":2}}]},"20":{"type":"branch","line":75,"loc":{"start":{"line":75,"column":35},"end":{"line":75,"column":76}},"locations":[{"start":{"line":75,"column":35},"end":{"line":75,"column":76}}]},"21":{"type":"branch","line":78,"loc":{"start":{"line":78,"column":29},"end":{"line":78,"column":49}},"locations":[{"start":{"line":78,"column":29},"end":{"line":78,"column":49}}]},"22":{"type":"branch","line":78,"loc":{"start":{"line":78,"column":49},"end":{"line":78,"column":54}},"locations":[{"start":{"line":78,"column":49},"end":{"line":78,"column":54}}]},"23":{"type":"branch","line":78,"loc":{"start":{"line":78,"column":54},"end":{"line":78,"column":60}},"locations":[{"start":{"line":78,"column":54},"end":{"line":78,"column":60}}]},"24":{"type":"branch","line":78,"loc":{"start":{"line":78,"column":72},"end":{"line":78,"column":78}},"locations":[{"start":{"line":78,"column":72},"end":{"line":78,"column":78}}]},"25":{"type":"branch","line":73,"loc":{"start":{"line":73,"column":13},"end":{"line":73,"column":76}},"locations":[{"start":{"line":73,"column":13},"end":{"line":73,"column":76}}]},"26":{"type":"branch","line":73,"loc":{"start":{"line":73,"column":60},"end":{"line":73,"column":76}},"locations":[{"start":{"line":73,"column":60},"end":{"line":73,"column":76}}]},"27":{"type":"branch","line":82,"loc":{"start":{"line":82,"column":16},"end":{"line":90,"column":2}},"locations":[{"start":{"line":82,"column":16},"end":{"line":90,"column":2}}]},"28":{"type":"branch","line":92,"loc":{"start":{"line":92,"column":20},"end":{"line":123,"column":2}},"locations":[{"start":{"line":92,"column":20},"end":{"line":123,"column":2}}]},"29":{"type":"branch","line":95,"loc":{"start":{"line":95,"column":28},"end":{"line":97,"column":5}},"locations":[{"start":{"line":95,"column":28},"end":{"line":97,"column":5}}]},"30":{"type":"branch","line":98,"loc":{"start":{"line":98,"column":27},"end":{"line":100,"column":5}},"locations":[{"start":{"line":98,"column":27},"end":{"line":100,"column":5}}]},"31":{"type":"branch","line":101,"loc":{"start":{"line":101,"column":29},"end":{"line":103,"column":5}},"locations":[{"start":{"line":101,"column":29},"end":{"line":103,"column":5}}]},"32":{"type":"branch","line":105,"loc":{"start":{"line":105,"column":22},"end":{"line":122,"column":3}},"locations":[{"start":{"line":105,"column":22},"end":{"line":122,"column":3}}]},"33":{"type":"branch","line":107,"loc":{"start":{"line":107,"column":38},"end":{"line":109,"column":5}},"locations":[{"start":{"line":107,"column":38},"end":{"line":109,"column":5}}]},"34":{"type":"branch","line":109,"loc":{"start":{"line":109,"column":5},"end":{"line":121,"column":5}},"locations":[{"start":{"line":109,"column":5},"end":{"line":121,"column":5}}]},"35":{"type":"branch","line":109,"loc":{"start":{"line":109,"column":48},"end":{"line":115,"column":5}},"locations":[{"start":{"line":109,"column":48},"end":{"line":115,"column":5}}]}},"b":{"0":[8],"1":[7],"2":[1],"3":[0],"4":[0],"5":[11],"6":[7],"7":[4],"8":[4],"9":[3],"10":[1],"11":[7],"12":[3],"13":[4],"14":[1],"15":[3],"16":[4],"17":[3],"18":[1],"19":[14],"20":[4],"21":[10],"22":[4],"23":[10],"24":[0],"25":[71],"26":[60],"27":[3],"28":[3],"29":[2],"30":[3],"31":[2],"32":[7],"33":[3],"34":[4],"35":[0]},"fnMap":{"0":{"name":"checkFolderAccessibility","decl":{"start":{"line":10,"column":34},"end":{"line":27,"column":2}},"loc":{"start":{"line":10,"column":34},"end":{"line":27,"column":2}},"line":10},"1":{"name":"makeRequest","decl":{"start":{"line":29,"column":21},"end":{"line":39,"column":2}},"loc":{"start":{"line":29,"column":21},"end":{"line":39,"column":2}},"line":29},"2":{"name":"isTheSameUrl","decl":{"start":{"line":41,"column":21},"end":{"line":48,"column":2}},"loc":{"start":{"line":41,"column":21},"end":{"line":48,"column":2}},"line":41},"3":{"name":"isCallableUrl","decl":{"start":{"line":50,"column":22},"end":{"line":59,"column":2}},"loc":{"start":{"line":50,"column":22},"end":{"line":59,"column":2}},"line":50},"4":{"name":"prefixed","decl":{"start":{"line":61,"column":17},"end":{"line":67,"column":2}},"loc":{"start":{"line":61,"column":17},"end":{"line":67,"column":2}},"line":61},"5":{"name":"generateFileName","decl":{"start":{"line":69,"column":25},"end":{"line":80,"column":2}},"loc":{"start":{"line":69,"column":25},"end":{"line":80,"column":2}},"line":69},"6":{"name":"getInfo","decl":{"start":{"line":82,"column":16},"end":{"line":90,"column":2}},"loc":{"start":{"line":82,"column":16},"end":{"line":90,"column":2}},"line":82},"7":{"name":"makeSrcList","decl":{"start":{"line":92,"column":20},"end":{"line":123,"column":2}},"loc":{"start":{"line":92,"column":20},"end":{"line":123,"column":2}},"line":92}},"f":{"0":8,"1":11,"2":4,"3":7,"4":4,"5":14,"6":3,"7":3}}
,"/home/redmi/backend-project-4/src/utils/replaceSrc.js": {"path":"/home/redmi/backend-project-4/src/utils/replaceSrc.js","all":false,"statementMap":{"0":{"start":{"line":1,"column":0},"end":{"line":1,"column":35}},"1":{"start":{"line":2,"column":0},"end":{"line":2,"column":29}},"2":{"start":{"line":3,"column":0},"end":{"line":3,"column":0}},"3":{"start":{"line":4,"column":0},"end":{"line":4,"column":55}},"4":{"start":{"line":5,"column":0},"end":{"line":5,"column":31}},"5":{"start":{"line":6,"column":0},"end":{"line":6,"column":71}},"6":{"start":{"line":7,"column":0},"end":{"line":7,"column":71}},"7":{"start":{"line":8,"column":0},"end":{"line":8,"column":75}},"8":{"start":{"line":9,"column":0},"end":{"line":9,"column":0}},"9":{"start":{"line":10,"column":0},"end":{"line":10,"column":64}},"10":{"start":{"line":11,"column":0},"end":{"line":11,"column":55}},"11":{"start":{"line":12,"column":0},"end":{"line":12,"column":75}},"12":{"start":{"line":13,"column":0},"end":{"line":13,"column":13}},"13":{"start":{"line":14,"column":0},"end":{"line":14,"column":18}},"14":{"start":{"line":15,"column":0},"end":{"line":15,"column":29}},"15":{"start":{"line":16,"column":0},"end":{"line":16,"column":78}},"16":{"start":{"line":17,"column":0},"end":{"line":17,"column":11}},"17":{"start":{"line":18,"column":0},"end":{"line":18,"column":13}},"18":{"start":{"line":19,"column":0},"end":{"line":19,"column":5}},"19":{"start":{"line":20,"column":0},"end":{"line":20,"column":0}},"20":{"start":{"line":21,"column":0},"end":{"line":21,"column":11}},"21":{"start":{"line":22,"column":0},"end":{"line":22,"column":16}},"22":{"start":{"line":23,"column":0},"end":{"line":23,"column":30}},"23":{"start":{"line":24,"column":0},"end":{"line":24,"column":43}},"24":{"start":{"line":25,"column":0},"end":{"line":25,"column":49}},"25":{"start":{"line":26,"column":0},"end":{"line":26,"column":9}},"26":{"start":{"line":27,"column":0},"end":{"line":27,"column":4}},"27":{"start":{"line":28,"column":0},"end":{"line":28,"column":0}},"28":{"start":{"line":29,"column":0},"end":{"line":29,"column":26}},"29":{"start":{"line":30,"column":0},"end":{"line":30,"column":25}},"30":{"start":{"line":31,"column":0},"end":{"line":31,"column":27}},"31":{"start":{"line":32,"column":0},"end":{"line":32,"column":0}},"32":{"start":{"line":33,"column":0},"end":{"line":33,"column":18}},"33":{"start":{"line":34,"column":0},"end":{"line":34,"column":2}}},"s":{"0":1,"1":1,"2":1,"3":1,"4":3,"5":3,"6":3,"7":3,"8":3,"9":3,"10":7,"11":7,"12":1,"13":1,"14":1,"15":1,"16":1,"17":1,"18":1,"19":6,"20":6,"21":6,"22":6,"23":6,"24":4,"25":6,"26":3,"27":3,"28":3,"29":3,"30":3,"31":3,"32":3,"33":3},"branchMap":{"0":{"type":"branch","line":4,"loc":{"start":{"line":4,"column":15},"end":{"line":34,"column":2}},"locations":[{"start":{"line":4,"column":15},"end":{"line":34,"column":2}}]},"1":{"type":"branch","line":6,"loc":{"start":{"line":6,"column":41},"end":{"line":6,"column":69}},"locations":[{"start":{"line":6,"column":41},"end":{"line":6,"column":69}}]},"2":{"type":"branch","line":7,"loc":{"start":{"line":7,"column":40},"end":{"line":7,"column":69}},"locations":[{"start":{"line":7,"column":40},"end":{"line":7,"column":69}}]},"3":{"type":"branch","line":8,"loc":{"start":{"line":8,"column":42},"end":{"line":8,"column":73}},"locations":[{"start":{"line":8,"column":42},"end":{"line":8,"column":73}}]},"4":{"type":"branch","line":10,"loc":{"start":{"line":10,"column":18},"end":{"line":27,"column":3}},"locations":[{"start":{"line":10,"column":18},"end":{"line":27,"column":3}}]},"5":{"type":"branch","line":11,"loc":{"start":{"line":11,"column":37},"end":{"line":11,"column":46}},"locations":[{"start":{"line":11,"column":37},"end":{"line":11,"column":46}}]},"6":{"type":"branch","line":11,"loc":{"start":{"line":11,"column":46},"end":{"line":11,"column":54}},"locations":[{"start":{"line":11,"column":46},"end":{"line":11,"column":54}}]},"7":{"type":"branch","line":12,"loc":{"start":{"line":12,"column":23},"end":{"line":12,"column":72}},"locations":[{"start":{"line":12,"column":23},"end":{"line":12,"column":72}}]},"8":{"type":"branch","line":12,"loc":{"start":{"line":12,"column":74},"end":{"line":19,"column":5}},"locations":[{"start":{"line":12,"column":74},"end":{"line":19,"column":5}}]},"9":{"type":"branch","line":19,"loc":{"start":{"line":19,"column":4},"end":{"line":27,"column":3}},"locations":[{"start":{"line":19,"column":4},"end":{"line":27,"column":3}}]},"10":{"type":"branch","line":15,"loc":{"start":{"line":15,"column":22},"end":{"line":17,"column":9}},"locations":[{"start":{"line":15,"column":22},"end":{"line":17,"column":9}}]},"11":{"type":"branch","line":23,"loc":{"start":{"line":23,"column":23},"end":{"line":26,"column":7}},"locations":[{"start":{"line":23,"column":23},"end":{"line":26,"column":7}}]},"12":{"type":"branch","line":24,"loc":{"start":{"line":24,"column":25},"end":{"line":24,"column":43}},"locations":[{"start":{"line":24,"column":25},"end":{"line":24,"column":43}}]},"13":{"type":"branch","line":24,"loc":{"start":{"line":24,"column":42},"end":{"line":26,"column":7}},"locations":[{"start":{"line":24,"column":42},"end":{"line":26,"column":7}}]}},"b":{"0":[3],"1":[7],"2":[7],"3":[7],"4":[7],"5":[3],"6":[4],"7":[3],"8":[1],"9":[6],"10":[1],"11":[6],"12":[2],"13":[4]},"fnMap":{"0":{"name":"default","decl":{"start":{"line":4,"column":15},"end":{"line":34,"column":2}},"loc":{"start":{"line":4,"column":15},"end":{"line":34,"column":2}},"line":4},"1":{"name":"replace","decl":{"start":{"line":10,"column":18},"end":{"line":27,"column":3}},"loc":{"start":{"line":10,"column":18},"end":{"line":27,"column":3}},"line":10}},"f":{"0":3,"1":7}}
}
