TN:
SF:src/progress.js
FN:13,createTasks
FN:19,task
FN:30,task
FN:44,task
FN:54,task
FN:78,task
FN:105,task
FN:131,task
FNF:8
FNH:8
FNDA:8,createTasks
FNDA:8,task
FNDA:8,task
FNDA:8,task
FNDA:7,task
FNDA:3,task
FNDA:3,task
FNDA:3,task
DA:1,1
DA:2,1
DA:3,1
DA:4,1
DA:5,1
DA:6,1
DA:7,1
DA:8,1
DA:9,1
DA:10,1
DA:11,1
DA:12,1
DA:13,1
DA:14,8
DA:15,8
DA:16,8
DA:17,8
DA:18,8
DA:19,8
DA:20,8
DA:21,0
DA:22,0
DA:23,0
DA:24,0
DA:25,8
DA:26,8
DA:27,8
DA:28,8
DA:29,8
DA:30,8
DA:31,8
DA:32,0
DA:33,0
DA:34,0
DA:35,8
DA:36,8
DA:37,8
DA:38,8
DA:39,8
DA:40,8
DA:41,8
DA:42,8
DA:43,8
DA:44,8
DA:45,8
DA:46,8
DA:47,7
DA:48,7
DA:49,8
DA:50,8
DA:51,8
DA:52,8
DA:53,8
DA:54,8
DA:55,7
DA:56,7
DA:57,4
DA:58,4
DA:59,4
DA:60,7
DA:61,7
DA:62,3
DA:63,3
DA:64,3
DA:65,3
DA:66,3
DA:67,3
DA:68,3
DA:69,3
DA:70,3
DA:71,3
DA:72,3
DA:73,3
DA:74,7
DA:75,8
DA:76,8
DA:77,8
DA:78,8
DA:79,3
DA:80,3
DA:81,3
DA:82,3
DA:83,7
DA:84,7
DA:85,4
DA:86,0
DA:87,0
DA:88,0
DA:89,4
DA:90,4
DA:91,3
DA:92,3
DA:93,3
DA:94,3
DA:95,3
DA:96,3
DA:97,3
DA:98,3
DA:99,3
DA:100,3
DA:101,3
DA:102,8
DA:103,8
DA:104,8
DA:105,8
DA:106,3
DA:107,3
DA:108,7
DA:109,7
DA:110,4
DA:111,4
DA:112,4
DA:113,4
DA:114,4
DA:115,3
DA:116,3
DA:117,3
DA:118,3
DA:119,0
DA:120,0
DA:121,0
DA:122,3
DA:123,3
DA:124,3
DA:125,3
DA:126,3
DA:127,3
DA:128,8
DA:129,8
DA:130,8
DA:131,8
DA:132,3
DA:133,3
DA:134,3
DA:135,3
DA:136,0
DA:137,0
DA:138,0
DA:139,3
DA:140,3
DA:141,8
DA:142,8
DA:143,8
DA:144,1
DA:145,1
LF:145
LH:129
BRDA:13,0,0,8
BRDA:19,1,0,8
BRDA:20,2,0,0
BRDA:30,3,0,8
BRDA:31,4,0,0
BRDA:44,5,0,8
BRDA:46,6,0,7
BRDA:54,7,0,7
BRDA:56,8,0,4
BRDA:61,9,0,3
BRDA:78,10,0,3
BRDA:82,11,0,7
BRDA:84,12,0,4
BRDA:90,13,0,3
BRDA:95,14,0,3
BRDA:96,15,0,3
BRDA:105,16,0,3
BRDA:107,17,0,7
BRDA:109,18,0,4
BRDA:114,19,0,3
BRDA:123,20,0,3
BRDA:131,21,0,3
BRF:22
BRH:20
end_of_record
TN:
SF:src/utils/getters.js
FN:3,getScripts
FN:11,getLinks
FN:21,getImages
FNF:3
FNH:3
FNDA:4,getScripts
FNDA:4,getLinks
FNDA:4,getImages
DA:1,1
DA:2,1
DA:3,1
DA:4,4
DA:5,4
DA:6,4
DA:7,4
DA:8,4
DA:9,4
DA:10,1
DA:11,1
DA:12,4
DA:13,4
DA:14,4
DA:15,4
DA:16,6
DA:17,4
DA:18,4
DA:19,4
DA:20,1
DA:21,1
DA:22,4
DA:23,4
DA:24,4
DA:25,4
DA:26,4
DA:27,4
DA:28,1
DA:29,1
LF:29
LH:29
BRDA:3,0,0,4
BRDA:7,1,0,4
BRDA:11,2,0,4
BRDA:15,3,0,6
BRDA:21,4,0,4
BRDA:25,5,0,3
BRF:6
BRH:6
end_of_record
TN:
SF:src/utils/pageLoaderHelperFunctions.js
FN:10,checkFolderAccessibility
FN:29,makeRequest
FN:41,isTheSameUrl
FN:50,isCallableUrl
FN:61,prefixed
FN:69,generateFileName
FN:82,getInfo
FN:92,makeSrcList
FNF:8
FNH:8
FNDA:8,checkFolderAccessibility
FNDA:11,makeRequest
FNDA:4,isTheSameUrl
FNDA:7,isCallableUrl
FNDA:4,prefixed
FNDA:14,generateFileName
FNDA:3,getInfo
FNDA:3,makeSrcList
DA:1,1
DA:2,1
DA:3,1
DA:4,1
DA:5,1
DA:6,1
DA:7,1
DA:8,1
DA:9,1
DA:10,1
DA:11,8
DA:12,8
DA:13,8
DA:14,8
DA:15,7
DA:16,8
DA:17,8
DA:18,1
DA:19,0
DA:20,1
DA:21,1
DA:22,1
DA:23,0
DA:24,0
DA:25,1
DA:26,8
DA:27,8
DA:28,1
DA:29,1
DA:30,11
DA:31,11
DA:32,11
DA:33,11
DA:34,11
DA:35,11
DA:36,11
DA:37,4
DA:38,11
DA:39,11
DA:40,1
DA:41,1
DA:42,4
DA:43,4
DA:44,4
DA:45,3
DA:46,3
DA:47,1
DA:48,1
DA:49,1
DA:50,1
DA:51,7
DA:52,7
DA:53,3
DA:54,3
DA:55,7
DA:56,1
DA:57,1
DA:58,3
DA:59,3
DA:60,1
DA:61,1
DA:62,4
DA:63,4
DA:64,3
DA:65,3
DA:66,1
DA:67,1
DA:68,1
DA:69,1
DA:70,14
DA:71,14
DA:72,14
DA:73,14
DA:74,14
DA:75,14
DA:76,14
DA:77,14
DA:78,14
DA:79,14
DA:80,14
DA:81,1
DA:82,1
DA:83,3
DA:84,3
DA:85,3
DA:86,3
DA:87,3
DA:88,3
DA:89,3
DA:90,3
DA:91,1
DA:92,1
DA:93,3
DA:94,3
DA:95,3
DA:96,2
DA:97,3
DA:98,3
DA:99,3
DA:100,3
DA:101,3
DA:102,2
DA:103,3
DA:104,3
DA:105,3
DA:106,7
DA:107,7
DA:108,3
DA:109,7
DA:110,0
DA:111,0
DA:112,0
DA:113,0
DA:114,0
DA:115,4
DA:116,4
DA:117,4
DA:118,4
DA:119,4
DA:120,4
DA:121,4
DA:122,3
DA:123,3
DA:124,1
DA:125,1
DA:126,1
DA:127,1
DA:128,1
DA:129,1
DA:130,1
DA:131,1
DA:132,1
DA:133,1
DA:134,1
LF:134
LH:126
BRDA:10,0,0,8
BRDA:14,1,0,7
BRDA:17,2,0,1
BRDA:18,3,0,0
BRDA:22,4,0,0
BRDA:29,5,0,11
BRDA:35,6,0,7
BRDA:36,7,0,4
BRDA:41,8,0,4
BRDA:44,9,0,3
BRDA:46,10,0,1
BRDA:50,11,0,7
BRDA:52,12,0,3
BRDA:54,13,0,4
BRDA:55,14,0,1
BRDA:57,15,0,3
BRDA:61,16,0,4
BRDA:63,17,0,3
BRDA:65,18,0,1
BRDA:69,19,0,14
BRDA:75,20,0,4
BRDA:78,21,0,10
BRDA:78,22,0,4
BRDA:78,23,0,10
BRDA:78,24,0,0
BRDA:73,25,0,71
BRDA:73,26,0,60
BRDA:82,27,0,3
BRDA:92,28,0,3
BRDA:95,29,0,2
BRDA:98,30,0,3
BRDA:101,31,0,2
BRDA:105,32,0,7
BRDA:107,33,0,3
BRDA:109,34,0,4
BRDA:109,35,0,0
BRF:36
BRH:32
end_of_record
TN:
SF:src/utils/replaceSrc.js
FN:4,default
FN:10,replace
FNF:2
FNH:2
FNDA:3,default
FNDA:7,replace
DA:1,1
DA:2,1
DA:3,1
DA:4,1
DA:5,3
DA:6,3
DA:7,3
DA:8,3
DA:9,3
DA:10,3
DA:11,7
DA:12,7
DA:13,1
DA:14,1
DA:15,1
DA:16,1
DA:17,1
DA:18,1
DA:19,1
DA:20,6
DA:21,6
DA:22,6
DA:23,6
DA:24,6
DA:25,4
DA:26,6
DA:27,3
DA:28,3
DA:29,3
DA:30,3
DA:31,3
DA:32,3
DA:33,3
DA:34,3
LF:34
LH:34
BRDA:4,0,0,3
BRDA:6,1,0,7
BRDA:7,2,0,7
BRDA:8,3,0,7
BRDA:10,4,0,7
BRDA:11,5,0,3
BRDA:11,6,0,4
BRDA:12,7,0,3
BRDA:12,8,0,1
BRDA:19,9,0,6
BRDA:15,10,0,1
BRDA:23,11,0,6
BRDA:24,12,0,2
BRDA:24,13,0,4
BRF:14
BRH:14
end_of_record
