TN:
SF:src/pageLoader.js
FN:14,isTheSameUrl
FN:22,isCallableUrl
FN:33,pageLoader
FN:67,prefixed
FNF:4
FNH:4
FNDA:4,isTheSameUrl
FNDA:7,isCallableUrl
FNDA:3,pageLoader
FNDA:4,prefixed
DA:1,1
DA:2,1
DA:3,1
DA:4,1
DA:5,1
DA:6,1
DA:7,1
DA:8,1
DA:9,1
DA:10,1
DA:11,1
DA:12,1
DA:13,1
DA:14,1
DA:15,4
DA:16,4
DA:17,3
DA:18,3
DA:19,1
DA:20,1
DA:21,1
DA:22,1
DA:23,7
DA:24,7
DA:25,3
DA:26,3
DA:27,7
DA:28,1
DA:29,1
DA:30,3
DA:31,3
DA:32,1
DA:33,1
DA:34,3
DA:35,3
DA:36,3
DA:37,3
DA:38,3
DA:39,3
DA:40,3
DA:41,3
DA:42,3
DA:43,3
DA:44,3
DA:45,3
DA:46,3
DA:47,3
DA:48,3
DA:49,3
DA:50,3
DA:51,3
DA:52,3
DA:53,3
DA:54,3
DA:55,3
DA:56,2
DA:57,3
DA:58,3
DA:59,3
DA:60,3
DA:61,3
DA:62,2
DA:63,3
DA:64,3
DA:65,3
DA:66,7
DA:67,7
DA:68,4
DA:69,3
DA:70,3
DA:71,1
DA:72,7
DA:73,7
DA:74,3
DA:75,3
DA:76,7
DA:77,0
DA:78,0
DA:79,0
DA:80,0
DA:81,0
DA:82,4
DA:83,4
DA:84,4
DA:85,4
DA:86,4
DA:87,4
DA:88,4
DA:89,4
DA:90,3
DA:91,3
DA:92,7
DA:93,7
DA:94,4
DA:95,4
DA:96,3
DA:97,3
DA:98,3
DA:99,3
DA:100,3
DA:101,3
DA:102,3
DA:103,3
DA:104,3
DA:105,3
DA:106,7
DA:107,7
DA:108,7
DA:109,3
DA:110,3
DA:111,7
DA:112,7
DA:113,4
DA:114,4
DA:115,4
DA:116,4
DA:117,4
DA:118,3
DA:119,3
DA:120,3
DA:121,3
DA:122,3
DA:123,3
DA:124,3
DA:125,3
DA:126,3
DA:127,3
DA:128,3
DA:129,3
DA:130,1
DA:131,1
LF:131
LH:126
BRDA:14,0,0,4
BRDA:16,1,0,3
BRDA:18,2,0,1
BRDA:22,3,0,7
BRDA:24,4,0,3
BRDA:26,5,0,4
BRDA:27,6,0,1
BRDA:29,7,0,3
BRDA:33,8,0,3
BRDA:42,9,0,3
BRDA:46,10,0,3
BRDA:49,11,0,3
BRDA:53,12,0,3
BRDA:55,13,0,2
BRDA:58,14,0,3
BRDA:61,15,0,2
BRDA:65,16,0,7
BRDA:73,17,0,3
BRDA:76,18,0,4
BRDA:76,19,0,0
BRDA:67,20,0,4
BRDA:68,21,0,3
BRDA:70,22,0,1
BRDA:91,23,0,7
BRDA:93,24,0,4
BRDA:95,25,0,3
BRDA:101,26,0,3
BRDA:103,27,0,3
BRDA:105,28,0,7
BRDA:110,29,0,7
BRDA:112,30,0,4
BRDA:117,31,0,3
BRDA:122,32,0,3
BRDA:125,33,0,3
BRF:34
BRH:33
end_of_record
TN:
SF:src/utils/generateFileName.js
FN:22,default
FNF:1
FNH:1
FNDA:14,default
DA:1,1
DA:2,1
DA:3,1
DA:4,1
DA:5,1
DA:6,1
DA:7,1
DA:8,1
DA:9,1
DA:10,1
DA:11,1
DA:12,1
DA:13,1
DA:14,1
DA:15,1
DA:16,1
DA:17,1
DA:18,1
DA:19,1
DA:20,1
DA:21,1
DA:22,1
DA:23,14
DA:24,14
DA:25,14
DA:26,71
DA:27,71
DA:28,14
DA:29,14
DA:30,14
DA:31,14
DA:32,14
DA:33,14
DA:34,14
DA:35,14
DA:36,14
LF:36
LH:36
BRDA:22,0,0,14
BRDA:31,1,0,4
BRDA:34,2,0,10
BRDA:34,3,0,4
BRDA:34,4,0,10
BRDA:34,5,0,0
BRDA:25,6,0,71
BRDA:27,7,0,60
BRF:8
BRH:7
end_of_record
TN:
SF:src/utils/getImagesPaths.js
FN:3,default
FNF:1
FNH:1
FNDA:4,default
DA:1,1
DA:2,1
DA:3,1
DA:4,4
DA:5,4
DA:6,4
DA:7,4
DA:8,4
DA:9,4
LF:9
LH:9
BRDA:3,0,0,4
BRDA:7,1,0,3
BRF:2
BRH:2
end_of_record
TN:
SF:src/utils/getLinks.js
FN:3,default
FNF:1
FNH:1
FNDA:4,default
DA:1,1
DA:2,1
DA:3,1
DA:4,4
DA:5,4
DA:6,4
DA:7,4
DA:8,6
DA:9,4
DA:10,4
DA:11,4
LF:11
LH:11
BRDA:3,0,0,4
BRDA:7,1,0,6
BRF:2
BRH:2
end_of_record
TN:
SF:src/utils/getScripts.js
FN:3,default
FNF:1
FNH:1
FNDA:4,default
DA:1,1
DA:2,1
DA:3,1
DA:4,4
DA:5,4
DA:6,4
DA:7,4
DA:8,4
DA:9,4
LF:9
LH:9
BRDA:3,0,0,4
BRDA:7,1,0,4
BRF:2
BRH:2
end_of_record
TN:
SF:src/utils/makeRequest.js
FN:3,default
FNF:1
FNH:1
FNDA:7,default
DA:1,1
DA:2,1
DA:3,1
DA:4,7
DA:5,7
DA:6,7
DA:7,7
DA:8,7
LF:8
LH:8
BRDA:3,0,0,7
BRF:1
BRH:1
end_of_record
TN:
SF:src/utils/replaceSrc.js
FN:6,default
FNF:1
FNH:1
FNDA:3,default
DA:1,1
DA:2,1
DA:3,1
DA:4,1
DA:5,1
DA:6,1
DA:7,3
DA:8,3
DA:9,3
DA:10,3
DA:11,3
DA:12,3
DA:13,2
DA:14,2
DA:15,2
DA:16,2
DA:17,2
DA:18,3
DA:19,3
DA:20,3
DA:21,3
DA:22,3
DA:23,3
DA:24,3
DA:25,1
DA:26,3
DA:27,3
DA:28,3
DA:29,2
DA:30,2
DA:31,2
DA:32,1
DA:33,2
DA:34,3
DA:35,3
DA:36,3
LF:36
LH:36
BRDA:6,0,0,3
BRDA:8,1,0,7
BRDA:9,2,0,7
BRDA:10,3,0,7
BRDA:12,4,0,2
BRDA:13,5,0,2
BRDA:15,6,0,0
BRDA:19,7,0,3
BRDA:20,8,0,3
BRDA:23,9,0,1
BRDA:23,10,0,2
BRDA:24,11,0,1
BRDA:28,12,0,2
BRDA:29,13,0,2
BRDA:31,14,0,1
BRF:15
BRH:14
end_of_record
